>>>>project: alluxio-core
>>>>metrics: APMDc	APMD
>>>>nrun: 10
>>>>tcps: ('complexity_cyclo', ['cb_cyclo', 'cb_cyclo_bt', 'cb_cyclo_div'])
>>>>logdir: logs/cyclomatic_result
>>>>conf_chg: dimajix.alluxio.site, #params: 27, #misconfs: 2, #ctests: 1019, #failed ctests: 26
>>>>conf_chg: kaustav4284.alluxio-hadoop.site, #params: 7, #misconfs: 1, #ctests: 1111, #failed ctests: 2
>>>>conf_chg: kaustav4284.alluxio-with-hadoop.site, #params: 7, #misconfs: 1, #ctests: 1111, #failed ctests: 2
>>>>conf_chg: scality.alluxio.site, #params: 14, #misconfs: 1, #ctests: 555, #failed ctests: 120
[CPRIO]{"project": "alluxio-core", "conf_chg":"dimajix.alluxio.site", "tcp":"cb_cyclo", "run":"0", "scores":"0.8539323876627376,0.8199214916584887"}
[CPRIO]{"project": "alluxio-core", "conf_chg":"dimajix.alluxio.site", "tcp":"cb_cyclo", "run":"1", "scores":"0.8888214891201286,0.8856722276741904"}
[CPRIO]{"project": "alluxio-core", "conf_chg":"dimajix.alluxio.site", "tcp":"cb_cyclo", "run":"2", "scores":"0.8997538612290679,0.8964671246319921"}
[CPRIO]{"project": "alluxio-core", "conf_chg":"dimajix.alluxio.site", "tcp":"cb_cyclo", "run":"3", "scores":"0.904495823806627,0.9048086359175662"}
[CPRIO]{"project": "alluxio-core", "conf_chg":"dimajix.alluxio.site", "tcp":"cb_cyclo", "run":"4", "scores":"0.6251244303423356,0.7767419038272816"}
[CPRIO]{"project": "alluxio-core", "conf_chg":"dimajix.alluxio.site", "tcp":"cb_cyclo", "run":"5", "scores":"0.8675711197175376,0.8631010794896957"}
[CPRIO]{"project": "alluxio-core", "conf_chg":"dimajix.alluxio.site", "tcp":"cb_cyclo", "run":"6", "scores":"0.8730168914189783,0.858684985279686"}
[CPRIO]{"project": "alluxio-core", "conf_chg":"dimajix.alluxio.site", "tcp":"cb_cyclo", "run":"7", "scores":"0.8477400339072736,0.8091265947006869"}
[CPRIO]{"project": "alluxio-core", "conf_chg":"dimajix.alluxio.site", "tcp":"cb_cyclo", "run":"8", "scores":"0.9043422301028157,0.9038272816486751"}
[CPRIO]{"project": "alluxio-core", "conf_chg":"dimajix.alluxio.site", "tcp":"cb_cyclo", "run":"9", "scores":"0.681845224207916,0.8699705593719332"}
[CPRIO]{"project": "alluxio-core", "conf_chg":"kaustav4284.alluxio-hadoop.site", "tcp":"cb_cyclo", "run":"0", "scores":"0.7888213256147769,0.8798379837983799"}
[CPRIO]{"project": "alluxio-core", "conf_chg":"kaustav4284.alluxio-hadoop.site", "tcp":"cb_cyclo", "run":"1", "scores":"0.8081955159253473,0.9068406840684068"}
[CPRIO]{"project": "alluxio-core", "conf_chg":"kaustav4284.alluxio-hadoop.site", "tcp":"cb_cyclo", "run":"2", "scores":"0.7885295456402208,0.8744374437443744"}
[CPRIO]{"project": "alluxio-core", "conf_chg":"kaustav4284.alluxio-hadoop.site", "tcp":"cb_cyclo", "run":"3", "scores":"0.8137393354419264,0.9095409540954095"}
[CPRIO]{"project": "alluxio-core", "conf_chg":"kaustav4284.alluxio-hadoop.site", "tcp":"cb_cyclo", "run":"4", "scores":"0.8215006827651365,0.9131413141314131"}
[CPRIO]{"project": "alluxio-core", "conf_chg":"kaustav4284.alluxio-hadoop.site", "tcp":"cb_cyclo", "run":"5", "scores":"0.8345140696303694,0.9257425742574257"}
[CPRIO]{"project": "alluxio-core", "conf_chg":"kaustav4284.alluxio-hadoop.site", "tcp":"cb_cyclo", "run":"6", "scores":"0.8229479114389374,0.9176417641764176"}
[CPRIO]{"project": "alluxio-core", "conf_chg":"kaustav4284.alluxio-hadoop.site", "tcp":"cb_cyclo", "run":"7", "scores":"0.7756562131627746,0.8627362736273627"}
[CPRIO]{"project": "alluxio-core", "conf_chg":"kaustav4284.alluxio-hadoop.site", "tcp":"cb_cyclo", "run":"8", "scores":"0.7896383095435366,0.8843384338433843"}
[CPRIO]{"project": "alluxio-core", "conf_chg":"kaustav4284.alluxio-hadoop.site", "tcp":"cb_cyclo", "run":"9", "scores":"0.7975980672494445,0.8897389738973897"}
[CPRIO]{"project": "alluxio-core", "conf_chg":"kaustav4284.alluxio-with-hadoop.site", "tcp":"cb_cyclo", "run":"0", "scores":"0.8233443102817389,0.914941494149415"}
[CPRIO]{"project": "alluxio-core", "conf_chg":"kaustav4284.alluxio-with-hadoop.site", "tcp":"cb_cyclo", "run":"1", "scores":"0.7688620563483314,0.8681368136813681"}
[CPRIO]{"project": "alluxio-core", "conf_chg":"kaustav4284.alluxio-with-hadoop.site", "tcp":"cb_cyclo", "run":"2", "scores":"0.7752042932064872,0.8582358235823582"}
[CPRIO]{"project": "alluxio-core", "conf_chg":"kaustav4284.alluxio-with-hadoop.site", "tcp":"cb_cyclo", "run":"3", "scores":"0.8226491035492117,0.9176417641764176"}
[CPRIO]{"project": "alluxio-core", "conf_chg":"kaustav4284.alluxio-with-hadoop.site", "tcp":"cb_cyclo", "run":"4", "scores":"0.8185754360287806,0.9167416741674167"}
[CPRIO]{"project": "alluxio-core", "conf_chg":"kaustav4284.alluxio-with-hadoop.site", "tcp":"cb_cyclo", "run":"5", "scores":"0.8023783388218031,0.8987398739873987"}
[CPRIO]{"project": "alluxio-core", "conf_chg":"kaustav4284.alluxio-with-hadoop.site", "tcp":"cb_cyclo", "run":"6", "scores":"0.7903768752286839,0.8726372637263726"}
[CPRIO]{"project": "alluxio-core", "conf_chg":"kaustav4284.alluxio-with-hadoop.site", "tcp":"cb_cyclo", "run":"7", "scores":"0.8066471520917173,0.9041404140414041"}
[CPRIO]{"project": "alluxio-core", "conf_chg":"kaustav4284.alluxio-with-hadoop.site", "tcp":"cb_cyclo", "run":"8", "scores":"0.8183802902792989,0.9077407740774077"}
[CPRIO]{"project": "alluxio-core", "conf_chg":"kaustav4284.alluxio-with-hadoop.site", "tcp":"cb_cyclo", "run":"9", "scores":"0.7636663007683839,0.8564356435643564"}
[CPRIO]{"project": "alluxio-core", "conf_chg":"scality.alluxio.site", "tcp":"cb_cyclo", "run":"0", "scores":"0.998359110995582,0.9990990990990991"}
[CPRIO]{"project": "alluxio-core", "conf_chg":"scality.alluxio.site", "tcp":"cb_cyclo", "run":"1", "scores":"0.983948531323109,0.9972972972972973"}
[CPRIO]{"project": "alluxio-core", "conf_chg":"scality.alluxio.site", "tcp":"cb_cyclo", "run":"2", "scores":"0.9839485313231102,0.9972972972972973"}
[CPRIO]{"project": "alluxio-core", "conf_chg":"scality.alluxio.site", "tcp":"cb_cyclo", "run":"3", "scores":"0.9983591109955822,0.9990990990990991"}
[CPRIO]{"project": "alluxio-core", "conf_chg":"scality.alluxio.site", "tcp":"cb_cyclo", "run":"4", "scores":"0.9839485313231107,0.9972972972972973"}
[CPRIO]{"project": "alluxio-core", "conf_chg":"scality.alluxio.site", "tcp":"cb_cyclo", "run":"5", "scores":"0.9983591109955827,0.9990990990990991"}
[CPRIO]{"project": "alluxio-core", "conf_chg":"scality.alluxio.site", "tcp":"cb_cyclo", "run":"6", "scores":"0.9983591109955808,0.9990990990990991"}
[CPRIO]{"project": "alluxio-core", "conf_chg":"scality.alluxio.site", "tcp":"cb_cyclo", "run":"7", "scores":"0.9983591109955808,0.9990990990990991"}
[CPRIO]{"project": "alluxio-core", "conf_chg":"scality.alluxio.site", "tcp":"cb_cyclo", "run":"8", "scores":"0.9983591109955818,0.9990990990990991"}
[CPRIO]{"project": "alluxio-core", "conf_chg":"scality.alluxio.site", "tcp":"cb_cyclo", "run":"9", "scores":"0.9983591109955818,0.9990990990990991"}
[CPRIO]{"project": "alluxio-core", "conf_chg":"dimajix.alluxio.site", "tcp":"cb_cyclo_bt", "run":"0", "scores":"0.9023902291073722,0.8194308145240432"}
[CPRIO]{"project": "alluxio-core", "conf_chg":"dimajix.alluxio.site", "tcp":"cb_cyclo_bt", "run":"1", "scores":"0.9024407789339475,0.8253189401373896"}
[CPRIO]{"project": "alluxio-core", "conf_chg":"dimajix.alluxio.site", "tcp":"cb_cyclo_bt", "run":"2", "scores":"0.9024096713483626,0.8213935230618252"}
[CPRIO]{"project": "alluxio-core", "conf_chg":"dimajix.alluxio.site", "tcp":"cb_cyclo_bt", "run":"3", "scores":"0.9024485558303438,0.8258096172718351"}
[CPRIO]{"project": "alluxio-core", "conf_chg":"dimajix.alluxio.site", "tcp":"cb_cyclo_bt", "run":"4", "scores":"0.90245633272674,0.8267909715407262"}
[CPRIO]{"project": "alluxio-core", "conf_chg":"dimajix.alluxio.site", "tcp":"cb_cyclo_bt", "run":"5", "scores":"0.9024485558303438,0.8258096172718351"}
[CPRIO]{"project": "alluxio-core", "conf_chg":"dimajix.alluxio.site", "tcp":"cb_cyclo_bt", "run":"6", "scores":"0.9024057829001646,0.8213935230618252"}
[CPRIO]{"project": "alluxio-core", "conf_chg":"dimajix.alluxio.site", "tcp":"cb_cyclo_bt", "run":"7", "scores":"0.9023941175555703,0.8199214916584887"}
[CPRIO]{"project": "alluxio-core", "conf_chg":"dimajix.alluxio.site", "tcp":"cb_cyclo_bt", "run":"8", "scores":"0.9024252251411551,0.8233562315996075"}
[CPRIO]{"project": "alluxio-core", "conf_chg":"dimajix.alluxio.site", "tcp":"cb_cyclo_bt", "run":"9", "scores":"0.9024213366929571,0.8233562315996075"}
[CPRIO]{"project": "alluxio-core", "conf_chg":"kaustav4284.alluxio-hadoop.site", "tcp":"cb_cyclo_bt", "run":"0", "scores":"0.766039145201397,0.842034203420342"}
[CPRIO]{"project": "alluxio-core", "conf_chg":"kaustav4284.alluxio-hadoop.site", "tcp":"cb_cyclo_bt", "run":"1", "scores":"0.766039145201397,0.842034203420342"}
[CPRIO]{"project": "alluxio-core", "conf_chg":"kaustav4284.alluxio-hadoop.site", "tcp":"cb_cyclo_bt", "run":"2", "scores":"0.766039145201397,0.842034203420342"}
[CPRIO]{"project": "alluxio-core", "conf_chg":"kaustav4284.alluxio-hadoop.site", "tcp":"cb_cyclo_bt", "run":"3", "scores":"0.766039145201397,0.842034203420342"}
[CPRIO]{"project": "alluxio-core", "conf_chg":"kaustav4284.alluxio-hadoop.site", "tcp":"cb_cyclo_bt", "run":"4", "scores":"0.766039145201397,0.842034203420342"}
[CPRIO]{"project": "alluxio-core", "conf_chg":"kaustav4284.alluxio-hadoop.site", "tcp":"cb_cyclo_bt", "run":"5", "scores":"0.7660391452013972,0.842034203420342"}
[CPRIO]{"project": "alluxio-core", "conf_chg":"kaustav4284.alluxio-hadoop.site", "tcp":"cb_cyclo_bt", "run":"6", "scores":"0.7660391452013972,0.842034203420342"}
[CPRIO]{"project": "alluxio-core", "conf_chg":"kaustav4284.alluxio-hadoop.site", "tcp":"cb_cyclo_bt", "run":"7", "scores":"0.766039145201397,0.842034203420342"}
[CPRIO]{"project": "alluxio-core", "conf_chg":"kaustav4284.alluxio-hadoop.site", "tcp":"cb_cyclo_bt", "run":"8", "scores":"0.766039145201397,0.842034203420342"}
[CPRIO]{"project": "alluxio-core", "conf_chg":"kaustav4284.alluxio-hadoop.site", "tcp":"cb_cyclo_bt", "run":"9", "scores":"0.766039145201397,0.842034203420342"}
[CPRIO]{"project": "alluxio-core", "conf_chg":"kaustav4284.alluxio-with-hadoop.site", "tcp":"cb_cyclo_bt", "run":"0", "scores":"0.7586778875472536,0.842034203420342"}
[CPRIO]{"project": "alluxio-core", "conf_chg":"kaustav4284.alluxio-with-hadoop.site", "tcp":"cb_cyclo_bt", "run":"1", "scores":"0.7586778875472536,0.842034203420342"}
[CPRIO]{"project": "alluxio-core", "conf_chg":"kaustav4284.alluxio-with-hadoop.site", "tcp":"cb_cyclo_bt", "run":"2", "scores":"0.7586778875472536,0.842034203420342"}
[CPRIO]{"project": "alluxio-core", "conf_chg":"kaustav4284.alluxio-with-hadoop.site", "tcp":"cb_cyclo_bt", "run":"3", "scores":"0.7586778875472536,0.842034203420342"}
[CPRIO]{"project": "alluxio-core", "conf_chg":"kaustav4284.alluxio-with-hadoop.site", "tcp":"cb_cyclo_bt", "run":"4", "scores":"0.7586778875472536,0.842034203420342"}
[CPRIO]{"project": "alluxio-core", "conf_chg":"kaustav4284.alluxio-with-hadoop.site", "tcp":"cb_cyclo_bt", "run":"5", "scores":"0.7586778875472536,0.842034203420342"}
[CPRIO]{"project": "alluxio-core", "conf_chg":"kaustav4284.alluxio-with-hadoop.site", "tcp":"cb_cyclo_bt", "run":"6", "scores":"0.7586778875472536,0.842034203420342"}
[CPRIO]{"project": "alluxio-core", "conf_chg":"kaustav4284.alluxio-with-hadoop.site", "tcp":"cb_cyclo_bt", "run":"7", "scores":"0.7586778875472536,0.842034203420342"}
[CPRIO]{"project": "alluxio-core", "conf_chg":"kaustav4284.alluxio-with-hadoop.site", "tcp":"cb_cyclo_bt", "run":"8", "scores":"0.7586778875472536,0.842034203420342"}
[CPRIO]{"project": "alluxio-core", "conf_chg":"kaustav4284.alluxio-with-hadoop.site", "tcp":"cb_cyclo_bt", "run":"9", "scores":"0.7586778875472536,0.842034203420342"}
[CPRIO]{"project": "alluxio-core", "conf_chg":"scality.alluxio.site", "tcp":"cb_cyclo_bt", "run":"0", "scores":"0.9983591109955765,0.9990990990990991"}
[CPRIO]{"project": "alluxio-core", "conf_chg":"scality.alluxio.site", "tcp":"cb_cyclo_bt", "run":"1", "scores":"0.9983591109955765,0.9990990990990991"}
[CPRIO]{"project": "alluxio-core", "conf_chg":"scality.alluxio.site", "tcp":"cb_cyclo_bt", "run":"2", "scores":"0.9983591109955765,0.9990990990990991"}
[CPRIO]{"project": "alluxio-core", "conf_chg":"scality.alluxio.site", "tcp":"cb_cyclo_bt", "run":"3", "scores":"0.9983591109955765,0.9990990990990991"}
[CPRIO]{"project": "alluxio-core", "conf_chg":"scality.alluxio.site", "tcp":"cb_cyclo_bt", "run":"4", "scores":"0.9983591109955765,0.9990990990990991"}
[CPRIO]{"project": "alluxio-core", "conf_chg":"scality.alluxio.site", "tcp":"cb_cyclo_bt", "run":"5", "scores":"0.9983591109955765,0.9990990990990991"}
[CPRIO]{"project": "alluxio-core", "conf_chg":"scality.alluxio.site", "tcp":"cb_cyclo_bt", "run":"6", "scores":"0.9983591109955765,0.9990990990990991"}
[CPRIO]{"project": "alluxio-core", "conf_chg":"scality.alluxio.site", "tcp":"cb_cyclo_bt", "run":"7", "scores":"0.9983591109955765,0.9990990990990991"}
[CPRIO]{"project": "alluxio-core", "conf_chg":"scality.alluxio.site", "tcp":"cb_cyclo_bt", "run":"8", "scores":"0.9983591109955765,0.9990990990990991"}
[CPRIO]{"project": "alluxio-core", "conf_chg":"scality.alluxio.site", "tcp":"cb_cyclo_bt", "run":"9", "scores":"0.9983591109955765,0.9990990990990991"}
[CPRIO]{"project": "alluxio-core", "conf_chg":"dimajix.alluxio.site", "tcp":"cb_cyclo_div", "run":"0", "scores":"0.9937609848661624,0.7703631010794897"}
[CPRIO]{"project": "alluxio-core", "conf_chg":"dimajix.alluxio.site", "tcp":"cb_cyclo_div", "run":"1", "scores":"0.9937998693481435,0.774288518155054"}
[CPRIO]{"project": "alluxio-core", "conf_chg":"dimajix.alluxio.site", "tcp":"cb_cyclo_div", "run":"2", "scores":"0.9937882040035491,0.7728164867517173"}
[CPRIO]{"project": "alluxio-core", "conf_chg":"dimajix.alluxio.site", "tcp":"cb_cyclo_div", "run":"3", "scores":"0.9949391846701849,0.7796859666339548"}
[CPRIO]{"project": "alluxio-core", "conf_chg":"dimajix.alluxio.site", "tcp":"cb_cyclo_div", "run":"4", "scores":"0.9948925232918077,0.7752698724239451"}
[CPRIO]{"project": "alluxio-core", "conf_chg":"dimajix.alluxio.site", "tcp":"cb_cyclo_div", "run":"5", "scores":"0.9938543076229169,0.7791952894995093"}
[CPRIO]{"project": "alluxio-core", "conf_chg":"dimajix.alluxio.site", "tcp":"cb_cyclo_div", "run":"6", "scores":"0.9938543076229169,0.7796859666339548"}
[CPRIO]{"project": "alluxio-core", "conf_chg":"dimajix.alluxio.site", "tcp":"cb_cyclo_div", "run":"7", "scores":"0.9938698614157093,0.7806673209028459"}
[CPRIO]{"project": "alluxio-core", "conf_chg":"dimajix.alluxio.site", "tcp":"cb_cyclo_div", "run":"8", "scores":"0.9949469615665811,0.7806673209028459"}
[CPRIO]{"project": "alluxio-core", "conf_chg":"dimajix.alluxio.site", "tcp":"cb_cyclo_div", "run":"9", "scores":"0.993823200037332,0.7762512266928361"}
[CPRIO]{"project": "alluxio-core", "conf_chg":"kaustav4284.alluxio-hadoop.site", "tcp":"cb_cyclo_div", "run":"0", "scores":"0.5134160432301209,0.07065706570657064"}
[CPRIO]{"project": "alluxio-core", "conf_chg":"kaustav4284.alluxio-hadoop.site", "tcp":"cb_cyclo_div", "run":"1", "scores":"0.5134160432301209,0.07065706570657064"}
[CPRIO]{"project": "alluxio-core", "conf_chg":"kaustav4284.alluxio-hadoop.site", "tcp":"cb_cyclo_div", "run":"2", "scores":"0.5134160432301209,0.07065706570657064"}
[CPRIO]{"project": "alluxio-core", "conf_chg":"kaustav4284.alluxio-hadoop.site", "tcp":"cb_cyclo_div", "run":"3", "scores":"0.5134160432301209,0.07065706570657064"}
[CPRIO]{"project": "alluxio-core", "conf_chg":"kaustav4284.alluxio-hadoop.site", "tcp":"cb_cyclo_div", "run":"4", "scores":"0.5134160432301209,0.07065706570657064"}
[CPRIO]{"project": "alluxio-core", "conf_chg":"kaustav4284.alluxio-hadoop.site", "tcp":"cb_cyclo_div", "run":"5", "scores":"0.5134160432301209,0.07065706570657064"}
[CPRIO]{"project": "alluxio-core", "conf_chg":"kaustav4284.alluxio-hadoop.site", "tcp":"cb_cyclo_div", "run":"6", "scores":"0.5134160432301209,0.07065706570657064"}
[CPRIO]{"project": "alluxio-core", "conf_chg":"kaustav4284.alluxio-hadoop.site", "tcp":"cb_cyclo_div", "run":"7", "scores":"0.5134160432301209,0.07065706570657064"}
[CPRIO]{"project": "alluxio-core", "conf_chg":"kaustav4284.alluxio-hadoop.site", "tcp":"cb_cyclo_div", "run":"8", "scores":"0.5134160432301209,0.07065706570657064"}
[CPRIO]{"project": "alluxio-core", "conf_chg":"kaustav4284.alluxio-hadoop.site", "tcp":"cb_cyclo_div", "run":"9", "scores":"0.5134160432301209,0.07065706570657064"}
[CPRIO]{"project": "alluxio-core", "conf_chg":"kaustav4284.alluxio-with-hadoop.site", "tcp":"cb_cyclo_div", "run":"0", "scores":"0.49992682034394453,0.07065706570657064"}
[CPRIO]{"project": "alluxio-core", "conf_chg":"kaustav4284.alluxio-with-hadoop.site", "tcp":"cb_cyclo_div", "run":"1", "scores":"0.49992682034394453,0.07065706570657064"}
[CPRIO]{"project": "alluxio-core", "conf_chg":"kaustav4284.alluxio-with-hadoop.site", "tcp":"cb_cyclo_div", "run":"2", "scores":"0.49992682034394453,0.07065706570657064"}
[CPRIO]{"project": "alluxio-core", "conf_chg":"kaustav4284.alluxio-with-hadoop.site", "tcp":"cb_cyclo_div", "run":"3", "scores":"0.49992682034394453,0.07065706570657064"}
[CPRIO]{"project": "alluxio-core", "conf_chg":"kaustav4284.alluxio-with-hadoop.site", "tcp":"cb_cyclo_div", "run":"4", "scores":"0.49992682034394453,0.07065706570657064"}
[CPRIO]{"project": "alluxio-core", "conf_chg":"kaustav4284.alluxio-with-hadoop.site", "tcp":"cb_cyclo_div", "run":"5", "scores":"0.49992682034394453,0.07065706570657064"}
[CPRIO]{"project": "alluxio-core", "conf_chg":"kaustav4284.alluxio-with-hadoop.site", "tcp":"cb_cyclo_div", "run":"6", "scores":"0.49992682034394453,0.07065706570657064"}
[CPRIO]{"project": "alluxio-core", "conf_chg":"kaustav4284.alluxio-with-hadoop.site", "tcp":"cb_cyclo_div", "run":"7", "scores":"0.49992682034394453,0.07065706570657064"}
[CPRIO]{"project": "alluxio-core", "conf_chg":"kaustav4284.alluxio-with-hadoop.site", "tcp":"cb_cyclo_div", "run":"8", "scores":"0.49992682034394453,0.07065706570657064"}
[CPRIO]{"project": "alluxio-core", "conf_chg":"kaustav4284.alluxio-with-hadoop.site", "tcp":"cb_cyclo_div", "run":"9", "scores":"0.49992682034394453,0.07065706570657064"}
[CPRIO]{"project": "alluxio-core", "conf_chg":"scality.alluxio.site", "tcp":"cb_cyclo_div", "run":"0", "scores":"0.9940619313750951,0.8207207207207208"}
[CPRIO]{"project": "alluxio-core", "conf_chg":"scality.alluxio.site", "tcp":"cb_cyclo_div", "run":"1", "scores":"0.9940619313750951,0.8207207207207208"}
[CPRIO]{"project": "alluxio-core", "conf_chg":"scality.alluxio.site", "tcp":"cb_cyclo_div", "run":"2", "scores":"0.9940619313750951,0.8207207207207208"}
[CPRIO]{"project": "alluxio-core", "conf_chg":"scality.alluxio.site", "tcp":"cb_cyclo_div", "run":"3", "scores":"0.9940619313750951,0.8207207207207208"}
[CPRIO]{"project": "alluxio-core", "conf_chg":"scality.alluxio.site", "tcp":"cb_cyclo_div", "run":"4", "scores":"0.9940619313750951,0.8207207207207208"}
[CPRIO]{"project": "alluxio-core", "conf_chg":"scality.alluxio.site", "tcp":"cb_cyclo_div", "run":"5", "scores":"0.9940619313750951,0.8207207207207208"}
[CPRIO]{"project": "alluxio-core", "conf_chg":"scality.alluxio.site", "tcp":"cb_cyclo_div", "run":"6", "scores":"0.9940619313750951,0.8207207207207208"}
[CPRIO]{"project": "alluxio-core", "conf_chg":"scality.alluxio.site", "tcp":"cb_cyclo_div", "run":"7", "scores":"0.9940619313750951,0.8207207207207208"}
[CPRIO]{"project": "alluxio-core", "conf_chg":"scality.alluxio.site", "tcp":"cb_cyclo_div", "run":"8", "scores":"0.9940619313750951,0.8207207207207208"}
[CPRIO]{"project": "alluxio-core", "conf_chg":"scality.alluxio.site", "tcp":"cb_cyclo_div", "run":"9", "scores":"0.9940619313750951,0.8207207207207208"}
total-time: 4.11628794670105
