>>>>project: hbase-server
>>>>metrics: APMDc	APMD
>>>>nrun: 10
>>>>tcps: ('complexity_cyclo', ['cb_cyclo', 'cb_cyclo_bt', 'cb_cyclo_div'])
>>>>logdir: logs/cyclomatic_result
>>>>conf_chg: aaionap.hbase-1-hbase-site, #params: 4, #misconfs: 1, #ctests: 1231, #failed ctests: 1109
>>>>conf_chg: boyi.hbase-1-hbase-site, #params: 12, #misconfs: 2, #ctests: 1284, #failed ctests: 1114
>>>>conf_chg: cellos.hbase-2-hbase-site, #params: 16, #misconfs: 3, #ctests: 1370, #failed ctests: 1116
>>>>conf_chg: dajobe.hbase-1-hbase-site, #params: 4, #misconfs: 1, #ctests: 1231, #failed ctests: 1109
>>>>conf_chg: gychoi.hbase-1-hbase-site, #params: 12, #misconfs: 2, #ctests: 1287, #failed ctests: 1114
>>>>conf_chg: harisekhon.hbase-1-hbase-site, #params: 3, #misconfs: 1, #ctests: 1228, #failed ctests: 1109
>>>>conf_chg: harisekhon.hbase-dev-1-hbase-site, #params: 3, #misconfs: 1, #ctests: 1228, #failed ctests: 1109
>>>>conf_chg: newnius.hbase-1-hbase-site, #params: 9, #misconfs: 3, #ctests: 1267, #failed ctests: 1180
>>>>conf_chg: slpcat.hbase-1-hbase-site, #params: 12, #misconfs: 2, #ctests: 1286, #failed ctests: 1114
>>>>conf_chg: ximz.hbase-1-hbase-site, #params: 4, #misconfs: 3, #ctests: 1267, #failed ctests: 1180
>>>>conf_chg: xjodoin.hbase-1-hbase-site, #params: 9, #misconfs: 2, #ctests: 1186, #failed ctests: 1176
>>>>conf_chg: xjodoin.hbase-phoenix-2-hbase-site, #params: 12, #misconfs: 2, #ctests: 1186, #failed ctests: 1176
[CPRIO]{"project": "hbase-server", "conf_chg":"aaionap.hbase-1-hbase-site", "tcp":"cb_cyclo", "run":"0", "scores":"0.9999996839538268,0.9995938261575955"}
[CPRIO]{"project": "hbase-server", "conf_chg":"aaionap.hbase-1-hbase-site", "tcp":"cb_cyclo", "run":"1", "scores":"0.999999683953827,0.9995938261575955"}
[CPRIO]{"project": "hbase-server", "conf_chg":"aaionap.hbase-1-hbase-site", "tcp":"cb_cyclo", "run":"2", "scores":"0.9999996839538254,0.9995938261575955"}
[CPRIO]{"project": "hbase-server", "conf_chg":"aaionap.hbase-1-hbase-site", "tcp":"cb_cyclo", "run":"3", "scores":"0.9999996839538222,0.9995938261575955"}
[CPRIO]{"project": "hbase-server", "conf_chg":"aaionap.hbase-1-hbase-site", "tcp":"cb_cyclo", "run":"4", "scores":"0.9999996839538212,0.9995938261575955"}
[CPRIO]{"project": "hbase-server", "conf_chg":"aaionap.hbase-1-hbase-site", "tcp":"cb_cyclo", "run":"5", "scores":"0.9999996839538285,0.9995938261575955"}
[CPRIO]{"project": "hbase-server", "conf_chg":"aaionap.hbase-1-hbase-site", "tcp":"cb_cyclo", "run":"6", "scores":"0.9999996839538268,0.9995938261575955"}
[CPRIO]{"project": "hbase-server", "conf_chg":"aaionap.hbase-1-hbase-site", "tcp":"cb_cyclo", "run":"7", "scores":"0.9999996839538297,0.9995938261575955"}
[CPRIO]{"project": "hbase-server", "conf_chg":"aaionap.hbase-1-hbase-site", "tcp":"cb_cyclo", "run":"8", "scores":"0.999999683953823,0.9995938261575955"}
[CPRIO]{"project": "hbase-server", "conf_chg":"aaionap.hbase-1-hbase-site", "tcp":"cb_cyclo", "run":"9", "scores":"0.9999996839538264,0.9995938261575955"}
[CPRIO]{"project": "hbase-server", "conf_chg":"boyi.hbase-1-hbase-site", "tcp":"cb_cyclo", "run":"0", "scores":"0.6497936613063529,0.7394859813084111"}
[CPRIO]{"project": "hbase-server", "conf_chg":"boyi.hbase-1-hbase-site", "tcp":"cb_cyclo", "run":"1", "scores":"0.6541701444263115,0.7671339563862928"}
[CPRIO]{"project": "hbase-server", "conf_chg":"boyi.hbase-1-hbase-site", "tcp":"cb_cyclo", "run":"2", "scores":"0.6124982709950745,0.6814641744548287"}
[CPRIO]{"project": "hbase-server", "conf_chg":"boyi.hbase-1-hbase-site", "tcp":"cb_cyclo", "run":"3", "scores":"0.6241108821092248,0.7375389408099688"}
[CPRIO]{"project": "hbase-server", "conf_chg":"boyi.hbase-1-hbase-site", "tcp":"cb_cyclo", "run":"4", "scores":"0.6460478071477563,0.7550623052959502"}
[CPRIO]{"project": "hbase-server", "conf_chg":"boyi.hbase-1-hbase-site", "tcp":"cb_cyclo", "run":"5", "scores":"0.6596829231192818,0.7776479750778816"}
[CPRIO]{"project": "hbase-server", "conf_chg":"boyi.hbase-1-hbase-site", "tcp":"cb_cyclo", "run":"6", "scores":"0.6478061135890517,0.7683021806853583"}
[CPRIO]{"project": "hbase-server", "conf_chg":"boyi.hbase-1-hbase-site", "tcp":"cb_cyclo", "run":"7", "scores":"0.629212092994392,0.7324766355140186"}
[CPRIO]{"project": "hbase-server", "conf_chg":"boyi.hbase-1-hbase-site", "tcp":"cb_cyclo", "run":"8", "scores":"0.6351525445566177,0.7348130841121495"}
[CPRIO]{"project": "hbase-server", "conf_chg":"boyi.hbase-1-hbase-site", "tcp":"cb_cyclo", "run":"9", "scores":"0.6277916158019616,0.7340342679127726"}
[CPRIO]{"project": "hbase-server", "conf_chg":"cellos.hbase-2-hbase-site", "tcp":"cb_cyclo", "run":"0", "scores":"0.5205953234966355,0.6468369829683699"}
[CPRIO]{"project": "hbase-server", "conf_chg":"cellos.hbase-2-hbase-site", "tcp":"cb_cyclo", "run":"1", "scores":"0.5312803732604245,0.6736009732360098"}
[CPRIO]{"project": "hbase-server", "conf_chg":"cellos.hbase-2-hbase-site", "tcp":"cb_cyclo", "run":"2", "scores":"0.5385143670432031,0.6950121654501217"}
[CPRIO]{"project": "hbase-server", "conf_chg":"cellos.hbase-2-hbase-site", "tcp":"cb_cyclo", "run":"3", "scores":"0.4773138276345645,0.5765206812652068"}
[CPRIO]{"project": "hbase-server", "conf_chg":"cellos.hbase-2-hbase-site", "tcp":"cb_cyclo", "run":"4", "scores":"0.4979645087812336,0.6305352798053528"}
[CPRIO]{"project": "hbase-server", "conf_chg":"cellos.hbase-2-hbase-site", "tcp":"cb_cyclo", "run":"5", "scores":"0.5317277898308007,0.6809002433090025"}
[CPRIO]{"project": "hbase-server", "conf_chg":"cellos.hbase-2-hbase-site", "tcp":"cb_cyclo", "run":"6", "scores":"0.551635120398431,0.7110705596107056"}
[CPRIO]{"project": "hbase-server", "conf_chg":"cellos.hbase-2-hbase-site", "tcp":"cb_cyclo", "run":"7", "scores":"0.506336585867603,0.6183698296836984"}
[CPRIO]{"project": "hbase-server", "conf_chg":"cellos.hbase-2-hbase-site", "tcp":"cb_cyclo", "run":"8", "scores":"0.5002521628435206,0.6045012165450122"}
[CPRIO]{"project": "hbase-server", "conf_chg":"cellos.hbase-2-hbase-site", "tcp":"cb_cyclo", "run":"9", "scores":"0.5336820436156217,0.6828467153284672"}
[CPRIO]{"project": "hbase-server", "conf_chg":"dajobe.hbase-1-hbase-site", "tcp":"cb_cyclo", "run":"0", "scores":"0.9999996847152426,0.9995938261575955"}
[CPRIO]{"project": "hbase-server", "conf_chg":"dajobe.hbase-1-hbase-site", "tcp":"cb_cyclo", "run":"1", "scores":"0.9999996847152434,0.9995938261575955"}
[CPRIO]{"project": "hbase-server", "conf_chg":"dajobe.hbase-1-hbase-site", "tcp":"cb_cyclo", "run":"2", "scores":"0.9999996847152407,0.9995938261575955"}
[CPRIO]{"project": "hbase-server", "conf_chg":"dajobe.hbase-1-hbase-site", "tcp":"cb_cyclo", "run":"3", "scores":"0.9999996847152374,0.9995938261575955"}
[CPRIO]{"project": "hbase-server", "conf_chg":"dajobe.hbase-1-hbase-site", "tcp":"cb_cyclo", "run":"4", "scores":"0.9999996847152453,0.9995938261575955"}
[CPRIO]{"project": "hbase-server", "conf_chg":"dajobe.hbase-1-hbase-site", "tcp":"cb_cyclo", "run":"5", "scores":"0.9999996847152476,0.9995938261575955"}
[CPRIO]{"project": "hbase-server", "conf_chg":"dajobe.hbase-1-hbase-site", "tcp":"cb_cyclo", "run":"6", "scores":"0.999999684715246,0.9995938261575955"}
[CPRIO]{"project": "hbase-server", "conf_chg":"dajobe.hbase-1-hbase-site", "tcp":"cb_cyclo", "run":"7", "scores":"0.9999996847152443,0.9995938261575955"}
[CPRIO]{"project": "hbase-server", "conf_chg":"dajobe.hbase-1-hbase-site", "tcp":"cb_cyclo", "run":"8", "scores":"0.9999996847152458,0.9995938261575955"}
[CPRIO]{"project": "hbase-server", "conf_chg":"dajobe.hbase-1-hbase-site", "tcp":"cb_cyclo", "run":"9", "scores":"0.9999996847152437,0.9995938261575955"}
[CPRIO]{"project": "hbase-server", "conf_chg":"gychoi.hbase-1-hbase-site", "tcp":"cb_cyclo", "run":"0", "scores":"0.6410620025635037,0.7661227661227661"}
[CPRIO]{"project": "hbase-server", "conf_chg":"gychoi.hbase-1-hbase-site", "tcp":"cb_cyclo", "run":"1", "scores":"0.6436185230412139,0.7723387723387724"}
[CPRIO]{"project": "hbase-server", "conf_chg":"gychoi.hbase-1-hbase-site", "tcp":"cb_cyclo", "run":"2", "scores":"0.6588140984004054,0.7836052836052836"}
[CPRIO]{"project": "hbase-server", "conf_chg":"gychoi.hbase-1-hbase-site", "tcp":"cb_cyclo", "run":"3", "scores":"0.5679876609767274,0.655011655011655"}
[CPRIO]{"project": "hbase-server", "conf_chg":"gychoi.hbase-1-hbase-site", "tcp":"cb_cyclo", "run":"4", "scores":"0.6389258402833685,0.7517482517482518"}
[CPRIO]{"project": "hbase-server", "conf_chg":"gychoi.hbase-1-hbase-site", "tcp":"cb_cyclo", "run":"5", "scores":"0.6049670576874768,0.6701631701631702"}
[CPRIO]{"project": "hbase-server", "conf_chg":"gychoi.hbase-1-hbase-site", "tcp":"cb_cyclo", "run":"6", "scores":"0.6020433327270965,0.6612276612276612"}
[CPRIO]{"project": "hbase-server", "conf_chg":"gychoi.hbase-1-hbase-site", "tcp":"cb_cyclo", "run":"7", "scores":"0.5970783860323712,0.66006216006216"}
[CPRIO]{"project": "hbase-server", "conf_chg":"gychoi.hbase-1-hbase-site", "tcp":"cb_cyclo", "run":"8", "scores":"0.6215710982358579,0.6934731934731934"}
[CPRIO]{"project": "hbase-server", "conf_chg":"gychoi.hbase-1-hbase-site", "tcp":"cb_cyclo", "run":"9", "scores":"0.5859785155065939,0.6293706293706293"}
[CPRIO]{"project": "hbase-server", "conf_chg":"harisekhon.hbase-1-hbase-site", "tcp":"cb_cyclo", "run":"0", "scores":"0.9999996825617848,0.9995928338762214"}
[CPRIO]{"project": "hbase-server", "conf_chg":"harisekhon.hbase-1-hbase-site", "tcp":"cb_cyclo", "run":"1", "scores":"0.9999996825617825,0.9995928338762214"}
[CPRIO]{"project": "hbase-server", "conf_chg":"harisekhon.hbase-1-hbase-site", "tcp":"cb_cyclo", "run":"2", "scores":"0.9999996825617848,0.9995928338762214"}
[CPRIO]{"project": "hbase-server", "conf_chg":"harisekhon.hbase-1-hbase-site", "tcp":"cb_cyclo", "run":"3", "scores":"0.9999996825617875,0.9995928338762214"}
[CPRIO]{"project": "hbase-server", "conf_chg":"harisekhon.hbase-1-hbase-site", "tcp":"cb_cyclo", "run":"4", "scores":"0.9999996825617833,0.9995928338762214"}
[CPRIO]{"project": "hbase-server", "conf_chg":"harisekhon.hbase-1-hbase-site", "tcp":"cb_cyclo", "run":"5", "scores":"0.9999996825617821,0.9995928338762214"}
[CPRIO]{"project": "hbase-server", "conf_chg":"harisekhon.hbase-1-hbase-site", "tcp":"cb_cyclo", "run":"6", "scores":"0.9999996825617821,0.9995928338762214"}
[CPRIO]{"project": "hbase-server", "conf_chg":"harisekhon.hbase-1-hbase-site", "tcp":"cb_cyclo", "run":"7", "scores":"0.9999996825617831,0.9995928338762214"}
[CPRIO]{"project": "hbase-server", "conf_chg":"harisekhon.hbase-1-hbase-site", "tcp":"cb_cyclo", "run":"8", "scores":"0.9999996825617854,0.9995928338762214"}
[CPRIO]{"project": "hbase-server", "conf_chg":"harisekhon.hbase-1-hbase-site", "tcp":"cb_cyclo", "run":"9", "scores":"0.9999996825617857,0.9995928338762214"}
[CPRIO]{"project": "hbase-server", "conf_chg":"harisekhon.hbase-dev-1-hbase-site", "tcp":"cb_cyclo", "run":"0", "scores":"0.9999997881406174,0.9995928338762214"}
[CPRIO]{"project": "hbase-server", "conf_chg":"harisekhon.hbase-dev-1-hbase-site", "tcp":"cb_cyclo", "run":"1", "scores":"0.9999997881406218,0.9995928338762214"}
[CPRIO]{"project": "hbase-server", "conf_chg":"harisekhon.hbase-dev-1-hbase-site", "tcp":"cb_cyclo", "run":"2", "scores":"0.9999997881406126,0.9995928338762214"}
[CPRIO]{"project": "hbase-server", "conf_chg":"harisekhon.hbase-dev-1-hbase-site", "tcp":"cb_cyclo", "run":"3", "scores":"0.99999978814062,0.9995928338762214"}
[CPRIO]{"project": "hbase-server", "conf_chg":"harisekhon.hbase-dev-1-hbase-site", "tcp":"cb_cyclo", "run":"4", "scores":"0.9999997881406169,0.9995928338762214"}
[CPRIO]{"project": "hbase-server", "conf_chg":"harisekhon.hbase-dev-1-hbase-site", "tcp":"cb_cyclo", "run":"5", "scores":"0.999999788140616,0.9995928338762214"}
[CPRIO]{"project": "hbase-server", "conf_chg":"harisekhon.hbase-dev-1-hbase-site", "tcp":"cb_cyclo", "run":"6", "scores":"0.9999997881406186,0.9995928338762214"}
[CPRIO]{"project": "hbase-server", "conf_chg":"harisekhon.hbase-dev-1-hbase-site", "tcp":"cb_cyclo", "run":"7", "scores":"0.9999997881406103,0.9995928338762214"}
[CPRIO]{"project": "hbase-server", "conf_chg":"harisekhon.hbase-dev-1-hbase-site", "tcp":"cb_cyclo", "run":"8", "scores":"0.9999997881406147,0.9995928338762214"}
[CPRIO]{"project": "hbase-server", "conf_chg":"harisekhon.hbase-dev-1-hbase-site", "tcp":"cb_cyclo", "run":"9", "scores":"0.999999788140614,0.9995928338762214"}
[CPRIO]{"project": "hbase-server", "conf_chg":"newnius.hbase-1-hbase-site", "tcp":"cb_cyclo", "run":"0", "scores":"0.7631448661595323,0.8559589581689029"}
[CPRIO]{"project": "hbase-server", "conf_chg":"newnius.hbase-1-hbase-site", "tcp":"cb_cyclo", "run":"1", "scores":"0.756423019540446,0.8472770323599053"}
[CPRIO]{"project": "hbase-server", "conf_chg":"newnius.hbase-1-hbase-site", "tcp":"cb_cyclo", "run":"2", "scores":"0.751513640338073,0.8425414364640884"}
[CPRIO]{"project": "hbase-server", "conf_chg":"newnius.hbase-1-hbase-site", "tcp":"cb_cyclo", "run":"3", "scores":"0.7630970044212848,0.8578005787950539"}
[CPRIO]{"project": "hbase-server", "conf_chg":"newnius.hbase-1-hbase-site", "tcp":"cb_cyclo", "run":"4", "scores":"0.7053545962965255,0.7283609576427256"}
[CPRIO]{"project": "hbase-server", "conf_chg":"newnius.hbase-1-hbase-site", "tcp":"cb_cyclo", "run":"5", "scores":"0.7574925492654184,0.8330702446724546"}
[CPRIO]{"project": "hbase-server", "conf_chg":"newnius.hbase-1-hbase-site", "tcp":"cb_cyclo", "run":"6", "scores":"0.7535487420339737,0.8272822941331228"}
[CPRIO]{"project": "hbase-server", "conf_chg":"newnius.hbase-1-hbase-site", "tcp":"cb_cyclo", "run":"7", "scores":"0.7458505674189121,0.8175480136806104"}
[CPRIO]{"project": "hbase-server", "conf_chg":"newnius.hbase-1-hbase-site", "tcp":"cb_cyclo", "run":"8", "scores":"0.738664564867316,0.810444619836885"}
[CPRIO]{"project": "hbase-server", "conf_chg":"newnius.hbase-1-hbase-site", "tcp":"cb_cyclo", "run":"9", "scores":"0.7283607045865376,0.7978163641147066"}
[CPRIO]{"project": "hbase-server", "conf_chg":"slpcat.hbase-1-hbase-site", "tcp":"cb_cyclo", "run":"0", "scores":"0.6326585888524119,0.7208398133748056"}
[CPRIO]{"project": "hbase-server", "conf_chg":"slpcat.hbase-1-hbase-site", "tcp":"cb_cyclo", "run":"1", "scores":"0.6438242273519703,0.7527216174183515"}
[CPRIO]{"project": "hbase-server", "conf_chg":"slpcat.hbase-1-hbase-site", "tcp":"cb_cyclo", "run":"2", "scores":"0.6432360173179867,0.7461119751166408"}
[CPRIO]{"project": "hbase-server", "conf_chg":"slpcat.hbase-1-hbase-site", "tcp":"cb_cyclo", "run":"3", "scores":"0.6350797860162126,0.749611197511664"}
[CPRIO]{"project": "hbase-server", "conf_chg":"slpcat.hbase-1-hbase-site", "tcp":"cb_cyclo", "run":"4", "scores":"0.6491760129930931,0.7748833592534993"}
[CPRIO]{"project": "hbase-server", "conf_chg":"slpcat.hbase-1-hbase-site", "tcp":"cb_cyclo", "run":"5", "scores":"0.6164850860082581,0.7153965785381027"}
[CPRIO]{"project": "hbase-server", "conf_chg":"slpcat.hbase-1-hbase-site", "tcp":"cb_cyclo", "run":"6", "scores":"0.588005620174611,0.6765163297045101"}
[CPRIO]{"project": "hbase-server", "conf_chg":"slpcat.hbase-1-hbase-site", "tcp":"cb_cyclo", "run":"7", "scores":"0.6469871092229146,0.7620528771384137"}
[CPRIO]{"project": "hbase-server", "conf_chg":"slpcat.hbase-1-hbase-site", "tcp":"cb_cyclo", "run":"8", "scores":"0.6433264479694563,0.7620528771384137"}
[CPRIO]{"project": "hbase-server", "conf_chg":"slpcat.hbase-1-hbase-site", "tcp":"cb_cyclo", "run":"9", "scores":"0.6058287292757156,0.7091757387247278"}
[CPRIO]{"project": "hbase-server", "conf_chg":"ximz.hbase-1-hbase-site", "tcp":"cb_cyclo", "run":"0", "scores":"0.7586039868334633,0.8462246777163904"}
[CPRIO]{"project": "hbase-server", "conf_chg":"ximz.hbase-1-hbase-site", "tcp":"cb_cyclo", "run":"1", "scores":"0.7487962338591257,0.8362273086029992"}
[CPRIO]{"project": "hbase-server", "conf_chg":"ximz.hbase-1-hbase-site", "tcp":"cb_cyclo", "run":"2", "scores":"0.7347947133124209,0.8272822941331228"}
[CPRIO]{"project": "hbase-server", "conf_chg":"ximz.hbase-1-hbase-site", "tcp":"cb_cyclo", "run":"3", "scores":"0.756193156632894,0.839121283872665"}
[CPRIO]{"project": "hbase-server", "conf_chg":"ximz.hbase-1-hbase-site", "tcp":"cb_cyclo", "run":"4", "scores":"0.7380908286010659,0.8004472507234938"}
[CPRIO]{"project": "hbase-server", "conf_chg":"ximz.hbase-1-hbase-site", "tcp":"cb_cyclo", "run":"5", "scores":"0.723373659666517,0.7817679558011049"}
[CPRIO]{"project": "hbase-server", "conf_chg":"ximz.hbase-1-hbase-site", "tcp":"cb_cyclo", "run":"6", "scores":"0.7496549810065558,0.8383320178900289"}
[CPRIO]{"project": "hbase-server", "conf_chg":"ximz.hbase-1-hbase-site", "tcp":"cb_cyclo", "run":"7", "scores":"0.7651050608728732,0.8530649828992369"}
[CPRIO]{"project": "hbase-server", "conf_chg":"ximz.hbase-1-hbase-site", "tcp":"cb_cyclo", "run":"8", "scores":"0.7301563450567045,0.8164956590370954"}
[CPRIO]{"project": "hbase-server", "conf_chg":"ximz.hbase-1-hbase-site", "tcp":"cb_cyclo", "run":"9", "scores":"0.7384133547574305,0.8083399105498552"}
[CPRIO]{"project": "hbase-server", "conf_chg":"xjodoin.hbase-1-hbase-site", "tcp":"cb_cyclo", "run":"0", "scores":"0.9970436342246821,0.9970489038785835"}
[CPRIO]{"project": "hbase-server", "conf_chg":"xjodoin.hbase-1-hbase-site", "tcp":"cb_cyclo", "run":"1", "scores":"0.9999894091687537,0.9978920741989883"}
[CPRIO]{"project": "hbase-server", "conf_chg":"xjodoin.hbase-1-hbase-site", "tcp":"cb_cyclo", "run":"2", "scores":"0.9999891043966305,0.9974704890387859"}
[CPRIO]{"project": "hbase-server", "conf_chg":"xjodoin.hbase-1-hbase-site", "tcp":"cb_cyclo", "run":"3", "scores":"0.9999894091687528,0.9978920741989883"}
[CPRIO]{"project": "hbase-server", "conf_chg":"xjodoin.hbase-1-hbase-site", "tcp":"cb_cyclo", "run":"4", "scores":"0.9999891043966328,0.9974704890387859"}
[CPRIO]{"project": "hbase-server", "conf_chg":"xjodoin.hbase-1-hbase-site", "tcp":"cb_cyclo", "run":"5", "scores":"0.9970434818386182,0.9970489038785835"}
[CPRIO]{"project": "hbase-server", "conf_chg":"xjodoin.hbase-1-hbase-site", "tcp":"cb_cyclo", "run":"6", "scores":"0.9999894091687561,0.9978920741989883"}
[CPRIO]{"project": "hbase-server", "conf_chg":"xjodoin.hbase-1-hbase-site", "tcp":"cb_cyclo", "run":"7", "scores":"0.9970439389968003,0.9974704890387859"}
[CPRIO]{"project": "hbase-server", "conf_chg":"xjodoin.hbase-1-hbase-site", "tcp":"cb_cyclo", "run":"8", "scores":"0.9999886472384515,0.9970489038785835"}
[CPRIO]{"project": "hbase-server", "conf_chg":"xjodoin.hbase-1-hbase-site", "tcp":"cb_cyclo", "run":"9", "scores":"0.9999886472384517,0.9970489038785835"}
[CPRIO]{"project": "hbase-server", "conf_chg":"xjodoin.hbase-phoenix-2-hbase-site", "tcp":"cb_cyclo", "run":"0", "scores":"0.9999897091830244,0.9978920741989883"}
[CPRIO]{"project": "hbase-server", "conf_chg":"xjodoin.hbase-phoenix-2-hbase-site", "tcp":"cb_cyclo", "run":"1", "scores":"0.9970572074899975,0.9966273187183812"}
[CPRIO]{"project": "hbase-server", "conf_chg":"xjodoin.hbase-phoenix-2-hbase-site", "tcp":"cb_cyclo", "run":"2", "scores":"0.997057207489997,0.9966273187183812"}
[CPRIO]{"project": "hbase-server", "conf_chg":"xjodoin.hbase-phoenix-2-hbase-site", "tcp":"cb_cyclo", "run":"3", "scores":"0.9970572074899935,0.9966273187183812"}
[CPRIO]{"project": "hbase-server", "conf_chg":"xjodoin.hbase-phoenix-2-hbase-site", "tcp":"cb_cyclo", "run":"4", "scores":"0.9999878797044524,0.9974704890387859"}
[CPRIO]{"project": "hbase-server", "conf_chg":"xjodoin.hbase-phoenix-2-hbase-site", "tcp":"cb_cyclo", "run":"5", "scores":"0.9999865075955237,0.9970489038785835"}
[CPRIO]{"project": "hbase-server", "conf_chg":"xjodoin.hbase-phoenix-2-hbase-site", "tcp":"cb_cyclo", "run":"6", "scores":"0.9999897091830228,0.9978920741989883"}
[CPRIO]{"project": "hbase-server", "conf_chg":"xjodoin.hbase-phoenix-2-hbase-site", "tcp":"cb_cyclo", "run":"7", "scores":"0.9970572074899943,0.9966273187183812"}
[CPRIO]{"project": "hbase-server", "conf_chg":"xjodoin.hbase-phoenix-2-hbase-site", "tcp":"cb_cyclo", "run":"8", "scores":"0.9970604090774957,0.9974704890387859"}
[CPRIO]{"project": "hbase-server", "conf_chg":"xjodoin.hbase-phoenix-2-hbase-site", "tcp":"cb_cyclo", "run":"9", "scores":"0.9999883370740946,0.9974704890387859"}
[CPRIO]{"project": "hbase-server", "conf_chg":"aaionap.hbase-1-hbase-site", "tcp":"cb_cyclo_bt", "run":"0", "scores":"0.9999996839538162,0.9995938261575955"}
[CPRIO]{"project": "hbase-server", "conf_chg":"aaionap.hbase-1-hbase-site", "tcp":"cb_cyclo_bt", "run":"1", "scores":"0.9999996839538162,0.9995938261575955"}
[CPRIO]{"project": "hbase-server", "conf_chg":"aaionap.hbase-1-hbase-site", "tcp":"cb_cyclo_bt", "run":"2", "scores":"0.9999996839538162,0.9995938261575955"}
[CPRIO]{"project": "hbase-server", "conf_chg":"aaionap.hbase-1-hbase-site", "tcp":"cb_cyclo_bt", "run":"3", "scores":"0.9999996839538162,0.9995938261575955"}
[CPRIO]{"project": "hbase-server", "conf_chg":"aaionap.hbase-1-hbase-site", "tcp":"cb_cyclo_bt", "run":"4", "scores":"0.9999996839538162,0.9995938261575955"}
[CPRIO]{"project": "hbase-server", "conf_chg":"aaionap.hbase-1-hbase-site", "tcp":"cb_cyclo_bt", "run":"5", "scores":"0.9999996839538162,0.9995938261575955"}
[CPRIO]{"project": "hbase-server", "conf_chg":"aaionap.hbase-1-hbase-site", "tcp":"cb_cyclo_bt", "run":"6", "scores":"0.9999996839538162,0.9995938261575955"}
[CPRIO]{"project": "hbase-server", "conf_chg":"aaionap.hbase-1-hbase-site", "tcp":"cb_cyclo_bt", "run":"7", "scores":"0.9999996839538162,0.9995938261575955"}
[CPRIO]{"project": "hbase-server", "conf_chg":"aaionap.hbase-1-hbase-site", "tcp":"cb_cyclo_bt", "run":"8", "scores":"0.9999996839538162,0.9995938261575955"}
[CPRIO]{"project": "hbase-server", "conf_chg":"aaionap.hbase-1-hbase-site", "tcp":"cb_cyclo_bt", "run":"9", "scores":"0.9999996839538162,0.9995938261575955"}
[CPRIO]{"project": "hbase-server", "conf_chg":"boyi.hbase-1-hbase-site", "tcp":"cb_cyclo_bt", "run":"0", "scores":"0.6530887891966964,0.7371495327102804"}
[CPRIO]{"project": "hbase-server", "conf_chg":"boyi.hbase-1-hbase-site", "tcp":"cb_cyclo_bt", "run":"1", "scores":"0.6530887891966964,0.7371495327102804"}
[CPRIO]{"project": "hbase-server", "conf_chg":"boyi.hbase-1-hbase-site", "tcp":"cb_cyclo_bt", "run":"2", "scores":"0.6530887891966964,0.7371495327102804"}
[CPRIO]{"project": "hbase-server", "conf_chg":"boyi.hbase-1-hbase-site", "tcp":"cb_cyclo_bt", "run":"3", "scores":"0.6530887891966964,0.7371495327102804"}
[CPRIO]{"project": "hbase-server", "conf_chg":"boyi.hbase-1-hbase-site", "tcp":"cb_cyclo_bt", "run":"4", "scores":"0.6530887891966964,0.7371495327102804"}
[CPRIO]{"project": "hbase-server", "conf_chg":"boyi.hbase-1-hbase-site", "tcp":"cb_cyclo_bt", "run":"5", "scores":"0.6530887891966964,0.7371495327102804"}
[CPRIO]{"project": "hbase-server", "conf_chg":"boyi.hbase-1-hbase-site", "tcp":"cb_cyclo_bt", "run":"6", "scores":"0.6530887891966964,0.7371495327102804"}
[CPRIO]{"project": "hbase-server", "conf_chg":"boyi.hbase-1-hbase-site", "tcp":"cb_cyclo_bt", "run":"7", "scores":"0.6530887891966964,0.7371495327102804"}
[CPRIO]{"project": "hbase-server", "conf_chg":"boyi.hbase-1-hbase-site", "tcp":"cb_cyclo_bt", "run":"8", "scores":"0.6530887891966964,0.7371495327102804"}
[CPRIO]{"project": "hbase-server", "conf_chg":"boyi.hbase-1-hbase-site", "tcp":"cb_cyclo_bt", "run":"9", "scores":"0.6530887891966964,0.7371495327102804"}
[CPRIO]{"project": "hbase-server", "conf_chg":"cellos.hbase-2-hbase-site", "tcp":"cb_cyclo_bt", "run":"0", "scores":"0.5482099111914023,0.6663017031630171"}
[CPRIO]{"project": "hbase-server", "conf_chg":"cellos.hbase-2-hbase-site", "tcp":"cb_cyclo_bt", "run":"1", "scores":"0.5482099111914023,0.6663017031630171"}
[CPRIO]{"project": "hbase-server", "conf_chg":"cellos.hbase-2-hbase-site", "tcp":"cb_cyclo_bt", "run":"2", "scores":"0.5482099111914023,0.6663017031630171"}
[CPRIO]{"project": "hbase-server", "conf_chg":"cellos.hbase-2-hbase-site", "tcp":"cb_cyclo_bt", "run":"3", "scores":"0.5482099111914023,0.6663017031630171"}
[CPRIO]{"project": "hbase-server", "conf_chg":"cellos.hbase-2-hbase-site", "tcp":"cb_cyclo_bt", "run":"4", "scores":"0.5482099111914023,0.6663017031630171"}
[CPRIO]{"project": "hbase-server", "conf_chg":"cellos.hbase-2-hbase-site", "tcp":"cb_cyclo_bt", "run":"5", "scores":"0.5482099111914023,0.6663017031630171"}
[CPRIO]{"project": "hbase-server", "conf_chg":"cellos.hbase-2-hbase-site", "tcp":"cb_cyclo_bt", "run":"6", "scores":"0.548210109250973,0.6665450121654501"}
[CPRIO]{"project": "hbase-server", "conf_chg":"cellos.hbase-2-hbase-site", "tcp":"cb_cyclo_bt", "run":"7", "scores":"0.5482099111914023,0.6663017031630171"}
[CPRIO]{"project": "hbase-server", "conf_chg":"cellos.hbase-2-hbase-site", "tcp":"cb_cyclo_bt", "run":"8", "scores":"0.548210109250973,0.6665450121654501"}
[CPRIO]{"project": "hbase-server", "conf_chg":"cellos.hbase-2-hbase-site", "tcp":"cb_cyclo_bt", "run":"9", "scores":"0.5482099111914023,0.6663017031630171"}
[CPRIO]{"project": "hbase-server", "conf_chg":"dajobe.hbase-1-hbase-site", "tcp":"cb_cyclo_bt", "run":"0", "scores":"0.999999684715233,0.9995938261575955"}
[CPRIO]{"project": "hbase-server", "conf_chg":"dajobe.hbase-1-hbase-site", "tcp":"cb_cyclo_bt", "run":"1", "scores":"0.999999684715233,0.9995938261575955"}
[CPRIO]{"project": "hbase-server", "conf_chg":"dajobe.hbase-1-hbase-site", "tcp":"cb_cyclo_bt", "run":"2", "scores":"0.999999684715233,0.9995938261575955"}
[CPRIO]{"project": "hbase-server", "conf_chg":"dajobe.hbase-1-hbase-site", "tcp":"cb_cyclo_bt", "run":"3", "scores":"0.999999684715233,0.9995938261575955"}
[CPRIO]{"project": "hbase-server", "conf_chg":"dajobe.hbase-1-hbase-site", "tcp":"cb_cyclo_bt", "run":"4", "scores":"0.999999684715233,0.9995938261575955"}
[CPRIO]{"project": "hbase-server", "conf_chg":"dajobe.hbase-1-hbase-site", "tcp":"cb_cyclo_bt", "run":"5", "scores":"0.999999684715233,0.9995938261575955"}
[CPRIO]{"project": "hbase-server", "conf_chg":"dajobe.hbase-1-hbase-site", "tcp":"cb_cyclo_bt", "run":"6", "scores":"0.999999684715233,0.9995938261575955"}
[CPRIO]{"project": "hbase-server", "conf_chg":"dajobe.hbase-1-hbase-site", "tcp":"cb_cyclo_bt", "run":"7", "scores":"0.999999684715233,0.9995938261575955"}
[CPRIO]{"project": "hbase-server", "conf_chg":"dajobe.hbase-1-hbase-site", "tcp":"cb_cyclo_bt", "run":"8", "scores":"0.999999684715233,0.9995938261575955"}
[CPRIO]{"project": "hbase-server", "conf_chg":"dajobe.hbase-1-hbase-site", "tcp":"cb_cyclo_bt", "run":"9", "scores":"0.999999684715233,0.9995938261575955"}
[CPRIO]{"project": "hbase-server", "conf_chg":"gychoi.hbase-1-hbase-site", "tcp":"cb_cyclo_bt", "run":"0", "scores":"0.6539772727272637,0.7373737373737373"}
[CPRIO]{"project": "hbase-server", "conf_chg":"gychoi.hbase-1-hbase-site", "tcp":"cb_cyclo_bt", "run":"1", "scores":"0.6539772727272637,0.7373737373737373"}
[CPRIO]{"project": "hbase-server", "conf_chg":"gychoi.hbase-1-hbase-site", "tcp":"cb_cyclo_bt", "run":"2", "scores":"0.6539772727272637,0.7373737373737373"}
[CPRIO]{"project": "hbase-server", "conf_chg":"gychoi.hbase-1-hbase-site", "tcp":"cb_cyclo_bt", "run":"3", "scores":"0.6539772727272637,0.7373737373737373"}
[CPRIO]{"project": "hbase-server", "conf_chg":"gychoi.hbase-1-hbase-site", "tcp":"cb_cyclo_bt", "run":"4", "scores":"0.6539772727272637,0.7373737373737373"}
[CPRIO]{"project": "hbase-server", "conf_chg":"gychoi.hbase-1-hbase-site", "tcp":"cb_cyclo_bt", "run":"5", "scores":"0.6539772727272637,0.7373737373737373"}
[CPRIO]{"project": "hbase-server", "conf_chg":"gychoi.hbase-1-hbase-site", "tcp":"cb_cyclo_bt", "run":"6", "scores":"0.6539772727272637,0.7373737373737373"}
[CPRIO]{"project": "hbase-server", "conf_chg":"gychoi.hbase-1-hbase-site", "tcp":"cb_cyclo_bt", "run":"7", "scores":"0.6539772727272637,0.7373737373737373"}
[CPRIO]{"project": "hbase-server", "conf_chg":"gychoi.hbase-1-hbase-site", "tcp":"cb_cyclo_bt", "run":"8", "scores":"0.6539772727272637,0.7373737373737373"}
[CPRIO]{"project": "hbase-server", "conf_chg":"gychoi.hbase-1-hbase-site", "tcp":"cb_cyclo_bt", "run":"9", "scores":"0.6539772727272637,0.7373737373737373"}
[CPRIO]{"project": "hbase-server", "conf_chg":"harisekhon.hbase-1-hbase-site", "tcp":"cb_cyclo_bt", "run":"0", "scores":"0.9999996825617767,0.9995928338762214"}
[CPRIO]{"project": "hbase-server", "conf_chg":"harisekhon.hbase-1-hbase-site", "tcp":"cb_cyclo_bt", "run":"1", "scores":"0.9999996825617767,0.9995928338762214"}
[CPRIO]{"project": "hbase-server", "conf_chg":"harisekhon.hbase-1-hbase-site", "tcp":"cb_cyclo_bt", "run":"2", "scores":"0.9999996825617767,0.9995928338762214"}
[CPRIO]{"project": "hbase-server", "conf_chg":"harisekhon.hbase-1-hbase-site", "tcp":"cb_cyclo_bt", "run":"3", "scores":"0.9999996825617767,0.9995928338762214"}
[CPRIO]{"project": "hbase-server", "conf_chg":"harisekhon.hbase-1-hbase-site", "tcp":"cb_cyclo_bt", "run":"4", "scores":"0.9999996825617767,0.9995928338762214"}
[CPRIO]{"project": "hbase-server", "conf_chg":"harisekhon.hbase-1-hbase-site", "tcp":"cb_cyclo_bt", "run":"5", "scores":"0.9999996825617767,0.9995928338762214"}
[CPRIO]{"project": "hbase-server", "conf_chg":"harisekhon.hbase-1-hbase-site", "tcp":"cb_cyclo_bt", "run":"6", "scores":"0.9999996825617767,0.9995928338762214"}
[CPRIO]{"project": "hbase-server", "conf_chg":"harisekhon.hbase-1-hbase-site", "tcp":"cb_cyclo_bt", "run":"7", "scores":"0.9999996825617767,0.9995928338762214"}
[CPRIO]{"project": "hbase-server", "conf_chg":"harisekhon.hbase-1-hbase-site", "tcp":"cb_cyclo_bt", "run":"8", "scores":"0.9999996825617767,0.9995928338762214"}
[CPRIO]{"project": "hbase-server", "conf_chg":"harisekhon.hbase-1-hbase-site", "tcp":"cb_cyclo_bt", "run":"9", "scores":"0.9999996825617767,0.9995928338762214"}
[CPRIO]{"project": "hbase-server", "conf_chg":"harisekhon.hbase-dev-1-hbase-site", "tcp":"cb_cyclo_bt", "run":"0", "scores":"0.99999978814061,0.9995928338762214"}
[CPRIO]{"project": "hbase-server", "conf_chg":"harisekhon.hbase-dev-1-hbase-site", "tcp":"cb_cyclo_bt", "run":"1", "scores":"0.99999978814061,0.9995928338762214"}
[CPRIO]{"project": "hbase-server", "conf_chg":"harisekhon.hbase-dev-1-hbase-site", "tcp":"cb_cyclo_bt", "run":"2", "scores":"0.99999978814061,0.9995928338762214"}
[CPRIO]{"project": "hbase-server", "conf_chg":"harisekhon.hbase-dev-1-hbase-site", "tcp":"cb_cyclo_bt", "run":"3", "scores":"0.99999978814061,0.9995928338762214"}
[CPRIO]{"project": "hbase-server", "conf_chg":"harisekhon.hbase-dev-1-hbase-site", "tcp":"cb_cyclo_bt", "run":"4", "scores":"0.99999978814061,0.9995928338762214"}
[CPRIO]{"project": "hbase-server", "conf_chg":"harisekhon.hbase-dev-1-hbase-site", "tcp":"cb_cyclo_bt", "run":"5", "scores":"0.99999978814061,0.9995928338762214"}
[CPRIO]{"project": "hbase-server", "conf_chg":"harisekhon.hbase-dev-1-hbase-site", "tcp":"cb_cyclo_bt", "run":"6", "scores":"0.99999978814061,0.9995928338762214"}
[CPRIO]{"project": "hbase-server", "conf_chg":"harisekhon.hbase-dev-1-hbase-site", "tcp":"cb_cyclo_bt", "run":"7", "scores":"0.99999978814061,0.9995928338762214"}
[CPRIO]{"project": "hbase-server", "conf_chg":"harisekhon.hbase-dev-1-hbase-site", "tcp":"cb_cyclo_bt", "run":"8", "scores":"0.99999978814061,0.9995928338762214"}
[CPRIO]{"project": "hbase-server", "conf_chg":"harisekhon.hbase-dev-1-hbase-site", "tcp":"cb_cyclo_bt", "run":"9", "scores":"0.99999978814061,0.9995928338762214"}
[CPRIO]{"project": "hbase-server", "conf_chg":"newnius.hbase-1-hbase-site", "tcp":"cb_cyclo_bt", "run":"0", "scores":"0.7588529548447605,0.8259668508287292"}
[CPRIO]{"project": "hbase-server", "conf_chg":"newnius.hbase-1-hbase-site", "tcp":"cb_cyclo_bt", "run":"1", "scores":"0.7588529548447605,0.8259668508287292"}
[CPRIO]{"project": "hbase-server", "conf_chg":"newnius.hbase-1-hbase-site", "tcp":"cb_cyclo_bt", "run":"2", "scores":"0.7588529548447605,0.8259668508287292"}
[CPRIO]{"project": "hbase-server", "conf_chg":"newnius.hbase-1-hbase-site", "tcp":"cb_cyclo_bt", "run":"3", "scores":"0.7588529548447605,0.8259668508287292"}
[CPRIO]{"project": "hbase-server", "conf_chg":"newnius.hbase-1-hbase-site", "tcp":"cb_cyclo_bt", "run":"4", "scores":"0.7588529548447605,0.8259668508287292"}
[CPRIO]{"project": "hbase-server", "conf_chg":"newnius.hbase-1-hbase-site", "tcp":"cb_cyclo_bt", "run":"5", "scores":"0.7588529548447605,0.8259668508287292"}
[CPRIO]{"project": "hbase-server", "conf_chg":"newnius.hbase-1-hbase-site", "tcp":"cb_cyclo_bt", "run":"6", "scores":"0.7588529548447605,0.8259668508287292"}
[CPRIO]{"project": "hbase-server", "conf_chg":"newnius.hbase-1-hbase-site", "tcp":"cb_cyclo_bt", "run":"7", "scores":"0.7588529548447605,0.8259668508287292"}
[CPRIO]{"project": "hbase-server", "conf_chg":"newnius.hbase-1-hbase-site", "tcp":"cb_cyclo_bt", "run":"8", "scores":"0.7588529548447605,0.8259668508287292"}
[CPRIO]{"project": "hbase-server", "conf_chg":"newnius.hbase-1-hbase-site", "tcp":"cb_cyclo_bt", "run":"9", "scores":"0.7588529548447605,0.8259668508287292"}
[CPRIO]{"project": "hbase-server", "conf_chg":"slpcat.hbase-1-hbase-site", "tcp":"cb_cyclo_bt", "run":"0", "scores":"0.6507262057840081,0.7367807153965785"}
[CPRIO]{"project": "hbase-server", "conf_chg":"slpcat.hbase-1-hbase-site", "tcp":"cb_cyclo_bt", "run":"1", "scores":"0.6507262057840081,0.7367807153965785"}
[CPRIO]{"project": "hbase-server", "conf_chg":"slpcat.hbase-1-hbase-site", "tcp":"cb_cyclo_bt", "run":"2", "scores":"0.6507262057840081,0.7367807153965785"}
[CPRIO]{"project": "hbase-server", "conf_chg":"slpcat.hbase-1-hbase-site", "tcp":"cb_cyclo_bt", "run":"3", "scores":"0.6507262057840081,0.7367807153965785"}
[CPRIO]{"project": "hbase-server", "conf_chg":"slpcat.hbase-1-hbase-site", "tcp":"cb_cyclo_bt", "run":"4", "scores":"0.6507262057840081,0.7367807153965785"}
[CPRIO]{"project": "hbase-server", "conf_chg":"slpcat.hbase-1-hbase-site", "tcp":"cb_cyclo_bt", "run":"5", "scores":"0.6507262057840081,0.7367807153965785"}
[CPRIO]{"project": "hbase-server", "conf_chg":"slpcat.hbase-1-hbase-site", "tcp":"cb_cyclo_bt", "run":"6", "scores":"0.6507262057840081,0.7367807153965785"}
[CPRIO]{"project": "hbase-server", "conf_chg":"slpcat.hbase-1-hbase-site", "tcp":"cb_cyclo_bt", "run":"7", "scores":"0.6507262057840081,0.7367807153965785"}
[CPRIO]{"project": "hbase-server", "conf_chg":"slpcat.hbase-1-hbase-site", "tcp":"cb_cyclo_bt", "run":"8", "scores":"0.6507262057840081,0.7367807153965785"}
[CPRIO]{"project": "hbase-server", "conf_chg":"slpcat.hbase-1-hbase-site", "tcp":"cb_cyclo_bt", "run":"9", "scores":"0.6507262057840081,0.7367807153965785"}
[CPRIO]{"project": "hbase-server", "conf_chg":"ximz.hbase-1-hbase-site", "tcp":"cb_cyclo_bt", "run":"0", "scores":"0.7588615852127014,0.8259668508287292"}
[CPRIO]{"project": "hbase-server", "conf_chg":"ximz.hbase-1-hbase-site", "tcp":"cb_cyclo_bt", "run":"1", "scores":"0.7588615852127014,0.8259668508287292"}
[CPRIO]{"project": "hbase-server", "conf_chg":"ximz.hbase-1-hbase-site", "tcp":"cb_cyclo_bt", "run":"2", "scores":"0.7588615852127014,0.8259668508287292"}
[CPRIO]{"project": "hbase-server", "conf_chg":"ximz.hbase-1-hbase-site", "tcp":"cb_cyclo_bt", "run":"3", "scores":"0.7588615852127014,0.8259668508287292"}
[CPRIO]{"project": "hbase-server", "conf_chg":"ximz.hbase-1-hbase-site", "tcp":"cb_cyclo_bt", "run":"4", "scores":"0.7588615852127014,0.8259668508287292"}
[CPRIO]{"project": "hbase-server", "conf_chg":"ximz.hbase-1-hbase-site", "tcp":"cb_cyclo_bt", "run":"5", "scores":"0.7588615852127014,0.8259668508287292"}
[CPRIO]{"project": "hbase-server", "conf_chg":"ximz.hbase-1-hbase-site", "tcp":"cb_cyclo_bt", "run":"6", "scores":"0.7588615852127014,0.8259668508287292"}
[CPRIO]{"project": "hbase-server", "conf_chg":"ximz.hbase-1-hbase-site", "tcp":"cb_cyclo_bt", "run":"7", "scores":"0.7588615852127014,0.8259668508287292"}
[CPRIO]{"project": "hbase-server", "conf_chg":"ximz.hbase-1-hbase-site", "tcp":"cb_cyclo_bt", "run":"8", "scores":"0.7588615852127014,0.8259668508287292"}
[CPRIO]{"project": "hbase-server", "conf_chg":"ximz.hbase-1-hbase-site", "tcp":"cb_cyclo_bt", "run":"9", "scores":"0.7588615852127014,0.8259668508287292"}
[CPRIO]{"project": "hbase-server", "conf_chg":"xjodoin.hbase-1-hbase-site", "tcp":"cb_cyclo_bt", "run":"0", "scores":"0.9999894091687588,0.9978920741989883"}
[CPRIO]{"project": "hbase-server", "conf_chg":"xjodoin.hbase-1-hbase-site", "tcp":"cb_cyclo_bt", "run":"1", "scores":"0.9999894091687588,0.9978920741989883"}
[CPRIO]{"project": "hbase-server", "conf_chg":"xjodoin.hbase-1-hbase-site", "tcp":"cb_cyclo_bt", "run":"2", "scores":"0.9999894091687588,0.9978920741989883"}
[CPRIO]{"project": "hbase-server", "conf_chg":"xjodoin.hbase-1-hbase-site", "tcp":"cb_cyclo_bt", "run":"3", "scores":"0.9999894091687588,0.9978920741989883"}
[CPRIO]{"project": "hbase-server", "conf_chg":"xjodoin.hbase-1-hbase-site", "tcp":"cb_cyclo_bt", "run":"4", "scores":"0.9999894091687588,0.9978920741989883"}
[CPRIO]{"project": "hbase-server", "conf_chg":"xjodoin.hbase-1-hbase-site", "tcp":"cb_cyclo_bt", "run":"5", "scores":"0.9999894091687588,0.9978920741989883"}
[CPRIO]{"project": "hbase-server", "conf_chg":"xjodoin.hbase-1-hbase-site", "tcp":"cb_cyclo_bt", "run":"6", "scores":"0.9999894091687588,0.9978920741989883"}
[CPRIO]{"project": "hbase-server", "conf_chg":"xjodoin.hbase-1-hbase-site", "tcp":"cb_cyclo_bt", "run":"7", "scores":"0.9999894091687588,0.9978920741989883"}
[CPRIO]{"project": "hbase-server", "conf_chg":"xjodoin.hbase-1-hbase-site", "tcp":"cb_cyclo_bt", "run":"8", "scores":"0.9999894091687588,0.9978920741989883"}
[CPRIO]{"project": "hbase-server", "conf_chg":"xjodoin.hbase-1-hbase-site", "tcp":"cb_cyclo_bt", "run":"9", "scores":"0.9999894091687588,0.9978920741989883"}
[CPRIO]{"project": "hbase-server", "conf_chg":"xjodoin.hbase-phoenix-2-hbase-site", "tcp":"cb_cyclo_bt", "run":"0", "scores":"0.9999897091830293,0.9978920741989883"}
[CPRIO]{"project": "hbase-server", "conf_chg":"xjodoin.hbase-phoenix-2-hbase-site", "tcp":"cb_cyclo_bt", "run":"1", "scores":"0.9999897091830293,0.9978920741989883"}
[CPRIO]{"project": "hbase-server", "conf_chg":"xjodoin.hbase-phoenix-2-hbase-site", "tcp":"cb_cyclo_bt", "run":"2", "scores":"0.9999897091830293,0.9978920741989883"}
[CPRIO]{"project": "hbase-server", "conf_chg":"xjodoin.hbase-phoenix-2-hbase-site", "tcp":"cb_cyclo_bt", "run":"3", "scores":"0.9999897091830293,0.9978920741989883"}
[CPRIO]{"project": "hbase-server", "conf_chg":"xjodoin.hbase-phoenix-2-hbase-site", "tcp":"cb_cyclo_bt", "run":"4", "scores":"0.9999897091830293,0.9978920741989883"}
[CPRIO]{"project": "hbase-server", "conf_chg":"xjodoin.hbase-phoenix-2-hbase-site", "tcp":"cb_cyclo_bt", "run":"5", "scores":"0.9999897091830293,0.9978920741989883"}
[CPRIO]{"project": "hbase-server", "conf_chg":"xjodoin.hbase-phoenix-2-hbase-site", "tcp":"cb_cyclo_bt", "run":"6", "scores":"0.9999897091830293,0.9978920741989883"}
[CPRIO]{"project": "hbase-server", "conf_chg":"xjodoin.hbase-phoenix-2-hbase-site", "tcp":"cb_cyclo_bt", "run":"7", "scores":"0.9999897091830293,0.9978920741989883"}
[CPRIO]{"project": "hbase-server", "conf_chg":"xjodoin.hbase-phoenix-2-hbase-site", "tcp":"cb_cyclo_bt", "run":"8", "scores":"0.9999897091830293,0.9978920741989883"}
[CPRIO]{"project": "hbase-server", "conf_chg":"xjodoin.hbase-phoenix-2-hbase-site", "tcp":"cb_cyclo_bt", "run":"9", "scores":"0.9999897091830293,0.9978920741989883"}
[CPRIO]{"project": "hbase-server", "conf_chg":"aaionap.hbase-1-hbase-site", "tcp":"cb_cyclo_div", "run":"0", "scores":"0.9999958913997841,0.9971567831031682"}
[CPRIO]{"project": "hbase-server", "conf_chg":"aaionap.hbase-1-hbase-site", "tcp":"cb_cyclo_div", "run":"1", "scores":"0.9999958913997841,0.9971567831031682"}
[CPRIO]{"project": "hbase-server", "conf_chg":"aaionap.hbase-1-hbase-site", "tcp":"cb_cyclo_div", "run":"2", "scores":"0.9999958913997841,0.9971567831031682"}
[CPRIO]{"project": "hbase-server", "conf_chg":"aaionap.hbase-1-hbase-site", "tcp":"cb_cyclo_div", "run":"3", "scores":"0.9999958913997841,0.9971567831031682"}
[CPRIO]{"project": "hbase-server", "conf_chg":"aaionap.hbase-1-hbase-site", "tcp":"cb_cyclo_div", "run":"4", "scores":"0.9999958913997841,0.9971567831031682"}
[CPRIO]{"project": "hbase-server", "conf_chg":"aaionap.hbase-1-hbase-site", "tcp":"cb_cyclo_div", "run":"5", "scores":"0.9999958913997841,0.9971567831031682"}
[CPRIO]{"project": "hbase-server", "conf_chg":"aaionap.hbase-1-hbase-site", "tcp":"cb_cyclo_div", "run":"6", "scores":"0.9999958913997841,0.9971567831031682"}
[CPRIO]{"project": "hbase-server", "conf_chg":"aaionap.hbase-1-hbase-site", "tcp":"cb_cyclo_div", "run":"7", "scores":"0.9999958913997841,0.9971567831031682"}
[CPRIO]{"project": "hbase-server", "conf_chg":"aaionap.hbase-1-hbase-site", "tcp":"cb_cyclo_div", "run":"8", "scores":"0.9999958913997841,0.9971567831031682"}
[CPRIO]{"project": "hbase-server", "conf_chg":"aaionap.hbase-1-hbase-site", "tcp":"cb_cyclo_div", "run":"9", "scores":"0.9999958913997841,0.9971567831031682"}
[CPRIO]{"project": "hbase-server", "conf_chg":"boyi.hbase-1-hbase-site", "tcp":"cb_cyclo_div", "run":"0", "scores":"0.9916529459442983,0.9166666666666666"}
[CPRIO]{"project": "hbase-server", "conf_chg":"boyi.hbase-1-hbase-site", "tcp":"cb_cyclo_div", "run":"1", "scores":"0.9916529459442983,0.9166666666666666"}
[CPRIO]{"project": "hbase-server", "conf_chg":"boyi.hbase-1-hbase-site", "tcp":"cb_cyclo_div", "run":"2", "scores":"0.9916529459442983,0.9166666666666666"}
[CPRIO]{"project": "hbase-server", "conf_chg":"boyi.hbase-1-hbase-site", "tcp":"cb_cyclo_div", "run":"3", "scores":"0.9916529459442983,0.9166666666666666"}
[CPRIO]{"project": "hbase-server", "conf_chg":"boyi.hbase-1-hbase-site", "tcp":"cb_cyclo_div", "run":"4", "scores":"0.9916529459442983,0.9166666666666666"}
[CPRIO]{"project": "hbase-server", "conf_chg":"boyi.hbase-1-hbase-site", "tcp":"cb_cyclo_div", "run":"5", "scores":"0.9916529459442983,0.9166666666666666"}
[CPRIO]{"project": "hbase-server", "conf_chg":"boyi.hbase-1-hbase-site", "tcp":"cb_cyclo_div", "run":"6", "scores":"0.9916529459442983,0.9166666666666666"}
[CPRIO]{"project": "hbase-server", "conf_chg":"boyi.hbase-1-hbase-site", "tcp":"cb_cyclo_div", "run":"7", "scores":"0.9916529459442983,0.9166666666666666"}
[CPRIO]{"project": "hbase-server", "conf_chg":"boyi.hbase-1-hbase-site", "tcp":"cb_cyclo_div", "run":"8", "scores":"0.9916529459442983,0.9166666666666666"}
[CPRIO]{"project": "hbase-server", "conf_chg":"boyi.hbase-1-hbase-site", "tcp":"cb_cyclo_div", "run":"9", "scores":"0.9916529459442983,0.9166666666666666"}
[CPRIO]{"project": "hbase-server", "conf_chg":"cellos.hbase-2-hbase-site", "tcp":"cb_cyclo_div", "run":"0", "scores":"0.9928358882357698,0.909367396593674"}
[CPRIO]{"project": "hbase-server", "conf_chg":"cellos.hbase-2-hbase-site", "tcp":"cb_cyclo_div", "run":"1", "scores":"0.9928358882357698,0.909367396593674"}
[CPRIO]{"project": "hbase-server", "conf_chg":"cellos.hbase-2-hbase-site", "tcp":"cb_cyclo_div", "run":"2", "scores":"0.9928358882357698,0.909367396593674"}
[CPRIO]{"project": "hbase-server", "conf_chg":"cellos.hbase-2-hbase-site", "tcp":"cb_cyclo_div", "run":"3", "scores":"0.9928358882357698,0.909367396593674"}
[CPRIO]{"project": "hbase-server", "conf_chg":"cellos.hbase-2-hbase-site", "tcp":"cb_cyclo_div", "run":"4", "scores":"0.9928356901761991,0.9091240875912409"}
[CPRIO]{"project": "hbase-server", "conf_chg":"cellos.hbase-2-hbase-site", "tcp":"cb_cyclo_div", "run":"5", "scores":"0.9928356901761991,0.9091240875912409"}
[CPRIO]{"project": "hbase-server", "conf_chg":"cellos.hbase-2-hbase-site", "tcp":"cb_cyclo_div", "run":"6", "scores":"0.9928358882357698,0.909367396593674"}
[CPRIO]{"project": "hbase-server", "conf_chg":"cellos.hbase-2-hbase-site", "tcp":"cb_cyclo_div", "run":"7", "scores":"0.9928358882357698,0.909367396593674"}
[CPRIO]{"project": "hbase-server", "conf_chg":"cellos.hbase-2-hbase-site", "tcp":"cb_cyclo_div", "run":"8", "scores":"0.9928358882357698,0.909367396593674"}
[CPRIO]{"project": "hbase-server", "conf_chg":"cellos.hbase-2-hbase-site", "tcp":"cb_cyclo_div", "run":"9", "scores":"0.9928356901761991,0.9091240875912409"}
[CPRIO]{"project": "hbase-server", "conf_chg":"dajobe.hbase-1-hbase-site", "tcp":"cb_cyclo_div", "run":"0", "scores":"0.999995691108371,0.9971567831031682"}
[CPRIO]{"project": "hbase-server", "conf_chg":"dajobe.hbase-1-hbase-site", "tcp":"cb_cyclo_div", "run":"1", "scores":"0.9999956911083712,0.9971567831031682"}
[CPRIO]{"project": "hbase-server", "conf_chg":"dajobe.hbase-1-hbase-site", "tcp":"cb_cyclo_div", "run":"2", "scores":"0.999995691108371,0.9971567831031682"}
[CPRIO]{"project": "hbase-server", "conf_chg":"dajobe.hbase-1-hbase-site", "tcp":"cb_cyclo_div", "run":"3", "scores":"0.999995691108371,0.9971567831031682"}
[CPRIO]{"project": "hbase-server", "conf_chg":"dajobe.hbase-1-hbase-site", "tcp":"cb_cyclo_div", "run":"4", "scores":"0.9999956911083712,0.9971567831031682"}
[CPRIO]{"project": "hbase-server", "conf_chg":"dajobe.hbase-1-hbase-site", "tcp":"cb_cyclo_div", "run":"5", "scores":"0.999995691108371,0.9971567831031682"}
[CPRIO]{"project": "hbase-server", "conf_chg":"dajobe.hbase-1-hbase-site", "tcp":"cb_cyclo_div", "run":"6", "scores":"0.9999956911083712,0.9971567831031682"}
[CPRIO]{"project": "hbase-server", "conf_chg":"dajobe.hbase-1-hbase-site", "tcp":"cb_cyclo_div", "run":"7", "scores":"0.999995691108371,0.9971567831031682"}
[CPRIO]{"project": "hbase-server", "conf_chg":"dajobe.hbase-1-hbase-site", "tcp":"cb_cyclo_div", "run":"8", "scores":"0.9999956911083712,0.9971567831031682"}
[CPRIO]{"project": "hbase-server", "conf_chg":"dajobe.hbase-1-hbase-site", "tcp":"cb_cyclo_div", "run":"9", "scores":"0.999995691108371,0.9971567831031682"}
[CPRIO]{"project": "hbase-server", "conf_chg":"gychoi.hbase-1-hbase-site", "tcp":"cb_cyclo_div", "run":"0", "scores":"0.9916211450024636,0.9168609168609169"}
[CPRIO]{"project": "hbase-server", "conf_chg":"gychoi.hbase-1-hbase-site", "tcp":"cb_cyclo_div", "run":"1", "scores":"0.9916211450024636,0.9168609168609169"}
[CPRIO]{"project": "hbase-server", "conf_chg":"gychoi.hbase-1-hbase-site", "tcp":"cb_cyclo_div", "run":"2", "scores":"0.9916211450024636,0.9168609168609169"}
[CPRIO]{"project": "hbase-server", "conf_chg":"gychoi.hbase-1-hbase-site", "tcp":"cb_cyclo_div", "run":"3", "scores":"0.9916211450024636,0.9168609168609169"}
[CPRIO]{"project": "hbase-server", "conf_chg":"gychoi.hbase-1-hbase-site", "tcp":"cb_cyclo_div", "run":"4", "scores":"0.9916211450024636,0.9168609168609169"}
[CPRIO]{"project": "hbase-server", "conf_chg":"gychoi.hbase-1-hbase-site", "tcp":"cb_cyclo_div", "run":"5", "scores":"0.9916211450024636,0.9168609168609169"}
[CPRIO]{"project": "hbase-server", "conf_chg":"gychoi.hbase-1-hbase-site", "tcp":"cb_cyclo_div", "run":"6", "scores":"0.9916211450024636,0.9168609168609169"}
[CPRIO]{"project": "hbase-server", "conf_chg":"gychoi.hbase-1-hbase-site", "tcp":"cb_cyclo_div", "run":"7", "scores":"0.9916211450024636,0.9168609168609169"}
[CPRIO]{"project": "hbase-server", "conf_chg":"gychoi.hbase-1-hbase-site", "tcp":"cb_cyclo_div", "run":"8", "scores":"0.9916211450024636,0.9168609168609169"}
[CPRIO]{"project": "hbase-server", "conf_chg":"gychoi.hbase-1-hbase-site", "tcp":"cb_cyclo_div", "run":"9", "scores":"0.9916211450024636,0.9168609168609169"}
[CPRIO]{"project": "hbase-server", "conf_chg":"harisekhon.hbase-1-hbase-site", "tcp":"cb_cyclo_div", "run":"0", "scores":"0.9999956616777307,0.9971498371335504"}
[CPRIO]{"project": "hbase-server", "conf_chg":"harisekhon.hbase-1-hbase-site", "tcp":"cb_cyclo_div", "run":"1", "scores":"0.9999956616777307,0.9971498371335504"}
[CPRIO]{"project": "hbase-server", "conf_chg":"harisekhon.hbase-1-hbase-site", "tcp":"cb_cyclo_div", "run":"2", "scores":"0.9999956616777307,0.9971498371335504"}
[CPRIO]{"project": "hbase-server", "conf_chg":"harisekhon.hbase-1-hbase-site", "tcp":"cb_cyclo_div", "run":"3", "scores":"0.9999956616777307,0.9971498371335504"}
[CPRIO]{"project": "hbase-server", "conf_chg":"harisekhon.hbase-1-hbase-site", "tcp":"cb_cyclo_div", "run":"4", "scores":"0.9999956616777307,0.9971498371335504"}
[CPRIO]{"project": "hbase-server", "conf_chg":"harisekhon.hbase-1-hbase-site", "tcp":"cb_cyclo_div", "run":"5", "scores":"0.9999956616777307,0.9971498371335504"}
[CPRIO]{"project": "hbase-server", "conf_chg":"harisekhon.hbase-1-hbase-site", "tcp":"cb_cyclo_div", "run":"6", "scores":"0.9999956616777307,0.9971498371335504"}
[CPRIO]{"project": "hbase-server", "conf_chg":"harisekhon.hbase-1-hbase-site", "tcp":"cb_cyclo_div", "run":"7", "scores":"0.9999956616777307,0.9971498371335504"}
[CPRIO]{"project": "hbase-server", "conf_chg":"harisekhon.hbase-1-hbase-site", "tcp":"cb_cyclo_div", "run":"8", "scores":"0.9999956616777307,0.9971498371335504"}
[CPRIO]{"project": "hbase-server", "conf_chg":"harisekhon.hbase-1-hbase-site", "tcp":"cb_cyclo_div", "run":"9", "scores":"0.9999956616777307,0.9971498371335504"}
[CPRIO]{"project": "hbase-server", "conf_chg":"harisekhon.hbase-dev-1-hbase-site", "tcp":"cb_cyclo_div", "run":"0", "scores":"0.9999957628124008,0.9971498371335504"}
[CPRIO]{"project": "hbase-server", "conf_chg":"harisekhon.hbase-dev-1-hbase-site", "tcp":"cb_cyclo_div", "run":"1", "scores":"0.9999957628124008,0.9971498371335504"}
[CPRIO]{"project": "hbase-server", "conf_chg":"harisekhon.hbase-dev-1-hbase-site", "tcp":"cb_cyclo_div", "run":"2", "scores":"0.9999957628124008,0.9971498371335504"}
[CPRIO]{"project": "hbase-server", "conf_chg":"harisekhon.hbase-dev-1-hbase-site", "tcp":"cb_cyclo_div", "run":"3", "scores":"0.9999957628124008,0.9971498371335504"}
[CPRIO]{"project": "hbase-server", "conf_chg":"harisekhon.hbase-dev-1-hbase-site", "tcp":"cb_cyclo_div", "run":"4", "scores":"0.9999957628124008,0.9971498371335504"}
[CPRIO]{"project": "hbase-server", "conf_chg":"harisekhon.hbase-dev-1-hbase-site", "tcp":"cb_cyclo_div", "run":"5", "scores":"0.9999957628124008,0.9971498371335504"}
[CPRIO]{"project": "hbase-server", "conf_chg":"harisekhon.hbase-dev-1-hbase-site", "tcp":"cb_cyclo_div", "run":"6", "scores":"0.9999957628124008,0.9971498371335504"}
[CPRIO]{"project": "hbase-server", "conf_chg":"harisekhon.hbase-dev-1-hbase-site", "tcp":"cb_cyclo_div", "run":"7", "scores":"0.9999957628124008,0.9971498371335504"}
[CPRIO]{"project": "hbase-server", "conf_chg":"harisekhon.hbase-dev-1-hbase-site", "tcp":"cb_cyclo_div", "run":"8", "scores":"0.9999957628124008,0.9971498371335504"}
[CPRIO]{"project": "hbase-server", "conf_chg":"harisekhon.hbase-dev-1-hbase-site", "tcp":"cb_cyclo_div", "run":"9", "scores":"0.9999957628124008,0.9971498371335504"}
[CPRIO]{"project": "hbase-server", "conf_chg":"newnius.hbase-1-hbase-site", "tcp":"cb_cyclo_div", "run":"0", "scores":"0.9889372995789841,0.9083136016837674"}
[CPRIO]{"project": "hbase-server", "conf_chg":"newnius.hbase-1-hbase-site", "tcp":"cb_cyclo_div", "run":"1", "scores":"0.9889372995789841,0.9083136016837674"}
[CPRIO]{"project": "hbase-server", "conf_chg":"newnius.hbase-1-hbase-site", "tcp":"cb_cyclo_div", "run":"2", "scores":"0.9889372995789841,0.9083136016837674"}
[CPRIO]{"project": "hbase-server", "conf_chg":"newnius.hbase-1-hbase-site", "tcp":"cb_cyclo_div", "run":"3", "scores":"0.9889376083643922,0.9085766903446462"}
[CPRIO]{"project": "hbase-server", "conf_chg":"newnius.hbase-1-hbase-site", "tcp":"cb_cyclo_div", "run":"4", "scores":"0.9889372995789841,0.9083136016837674"}
[CPRIO]{"project": "hbase-server", "conf_chg":"newnius.hbase-1-hbase-site", "tcp":"cb_cyclo_div", "run":"5", "scores":"0.9889372995789841,0.9083136016837674"}
[CPRIO]{"project": "hbase-server", "conf_chg":"newnius.hbase-1-hbase-site", "tcp":"cb_cyclo_div", "run":"6", "scores":"0.9889376083643922,0.9085766903446462"}
[CPRIO]{"project": "hbase-server", "conf_chg":"newnius.hbase-1-hbase-site", "tcp":"cb_cyclo_div", "run":"7", "scores":"0.9889376083643922,0.9085766903446462"}
[CPRIO]{"project": "hbase-server", "conf_chg":"newnius.hbase-1-hbase-site", "tcp":"cb_cyclo_div", "run":"8", "scores":"0.9889372995789841,0.9083136016837674"}
[CPRIO]{"project": "hbase-server", "conf_chg":"newnius.hbase-1-hbase-site", "tcp":"cb_cyclo_div", "run":"9", "scores":"0.9889376083643922,0.9085766903446462"}
[CPRIO]{"project": "hbase-server", "conf_chg":"slpcat.hbase-1-hbase-site", "tcp":"cb_cyclo_div", "run":"0", "scores":"0.9915301370142131,0.916796267496112"}
[CPRIO]{"project": "hbase-server", "conf_chg":"slpcat.hbase-1-hbase-site", "tcp":"cb_cyclo_div", "run":"1", "scores":"0.9915301370142131,0.916796267496112"}
[CPRIO]{"project": "hbase-server", "conf_chg":"slpcat.hbase-1-hbase-site", "tcp":"cb_cyclo_div", "run":"2", "scores":"0.9915301370142131,0.916796267496112"}
[CPRIO]{"project": "hbase-server", "conf_chg":"slpcat.hbase-1-hbase-site", "tcp":"cb_cyclo_div", "run":"3", "scores":"0.9915301370142131,0.916796267496112"}
[CPRIO]{"project": "hbase-server", "conf_chg":"slpcat.hbase-1-hbase-site", "tcp":"cb_cyclo_div", "run":"4", "scores":"0.9915301370142131,0.916796267496112"}
[CPRIO]{"project": "hbase-server", "conf_chg":"slpcat.hbase-1-hbase-site", "tcp":"cb_cyclo_div", "run":"5", "scores":"0.9915301370142131,0.916796267496112"}
[CPRIO]{"project": "hbase-server", "conf_chg":"slpcat.hbase-1-hbase-site", "tcp":"cb_cyclo_div", "run":"6", "scores":"0.9915301370142131,0.916796267496112"}
[CPRIO]{"project": "hbase-server", "conf_chg":"slpcat.hbase-1-hbase-site", "tcp":"cb_cyclo_div", "run":"7", "scores":"0.9915301370142131,0.916796267496112"}
[CPRIO]{"project": "hbase-server", "conf_chg":"slpcat.hbase-1-hbase-site", "tcp":"cb_cyclo_div", "run":"8", "scores":"0.9915301370142131,0.916796267496112"}
[CPRIO]{"project": "hbase-server", "conf_chg":"slpcat.hbase-1-hbase-site", "tcp":"cb_cyclo_div", "run":"9", "scores":"0.9915301370142131,0.916796267496112"}
[CPRIO]{"project": "hbase-server", "conf_chg":"ximz.hbase-1-hbase-site", "tcp":"cb_cyclo_div", "run":"0", "scores":"0.9889014209804851,0.9083136016837674"}
[CPRIO]{"project": "hbase-server", "conf_chg":"ximz.hbase-1-hbase-site", "tcp":"cb_cyclo_div", "run":"1", "scores":"0.9889014209804851,0.9083136016837674"}
[CPRIO]{"project": "hbase-server", "conf_chg":"ximz.hbase-1-hbase-site", "tcp":"cb_cyclo_div", "run":"2", "scores":"0.9889014209804851,0.9083136016837674"}
[CPRIO]{"project": "hbase-server", "conf_chg":"ximz.hbase-1-hbase-site", "tcp":"cb_cyclo_div", "run":"3", "scores":"0.9889014209804851,0.9083136016837674"}
[CPRIO]{"project": "hbase-server", "conf_chg":"ximz.hbase-1-hbase-site", "tcp":"cb_cyclo_div", "run":"4", "scores":"0.9889016271004125,0.9085766903446462"}
[CPRIO]{"project": "hbase-server", "conf_chg":"ximz.hbase-1-hbase-site", "tcp":"cb_cyclo_div", "run":"5", "scores":"0.9889014209804851,0.9083136016837674"}
[CPRIO]{"project": "hbase-server", "conf_chg":"ximz.hbase-1-hbase-site", "tcp":"cb_cyclo_div", "run":"6", "scores":"0.9889016271004125,0.9085766903446462"}
[CPRIO]{"project": "hbase-server", "conf_chg":"ximz.hbase-1-hbase-site", "tcp":"cb_cyclo_div", "run":"7", "scores":"0.9889014209804851,0.9083136016837674"}
[CPRIO]{"project": "hbase-server", "conf_chg":"ximz.hbase-1-hbase-site", "tcp":"cb_cyclo_div", "run":"8", "scores":"0.9889014209804851,0.9083136016837674"}
[CPRIO]{"project": "hbase-server", "conf_chg":"ximz.hbase-1-hbase-site", "tcp":"cb_cyclo_div", "run":"9", "scores":"0.9889016271004125,0.9085766903446462"}
[CPRIO]{"project": "hbase-server", "conf_chg":"xjodoin.hbase-1-hbase-site", "tcp":"cb_cyclo_div", "run":"0", "scores":"0.9953644160261518,0.9540472175379427"}
[CPRIO]{"project": "hbase-server", "conf_chg":"xjodoin.hbase-1-hbase-site", "tcp":"cb_cyclo_div", "run":"1", "scores":"0.9953644160261518,0.9540472175379427"}
[CPRIO]{"project": "hbase-server", "conf_chg":"xjodoin.hbase-1-hbase-site", "tcp":"cb_cyclo_div", "run":"2", "scores":"0.9953644160261518,0.9540472175379427"}
[CPRIO]{"project": "hbase-server", "conf_chg":"xjodoin.hbase-1-hbase-site", "tcp":"cb_cyclo_div", "run":"3", "scores":"0.9953644160261518,0.9540472175379427"}
[CPRIO]{"project": "hbase-server", "conf_chg":"xjodoin.hbase-1-hbase-site", "tcp":"cb_cyclo_div", "run":"4", "scores":"0.9953644160261518,0.9540472175379427"}
[CPRIO]{"project": "hbase-server", "conf_chg":"xjodoin.hbase-1-hbase-site", "tcp":"cb_cyclo_div", "run":"5", "scores":"0.9953644160261518,0.9540472175379427"}
[CPRIO]{"project": "hbase-server", "conf_chg":"xjodoin.hbase-1-hbase-site", "tcp":"cb_cyclo_div", "run":"6", "scores":"0.9953662446588832,0.954468802698145"}
[CPRIO]{"project": "hbase-server", "conf_chg":"xjodoin.hbase-1-hbase-site", "tcp":"cb_cyclo_div", "run":"7", "scores":"0.9953662446588832,0.954468802698145"}
[CPRIO]{"project": "hbase-server", "conf_chg":"xjodoin.hbase-1-hbase-site", "tcp":"cb_cyclo_div", "run":"8", "scores":"0.9953662446588832,0.954468802698145"}
[CPRIO]{"project": "hbase-server", "conf_chg":"xjodoin.hbase-1-hbase-site", "tcp":"cb_cyclo_div", "run":"9", "scores":"0.9953644160261518,0.9540472175379427"}
[CPRIO]{"project": "hbase-server", "conf_chg":"xjodoin.hbase-phoenix-2-hbase-site", "tcp":"cb_cyclo_div", "run":"0", "scores":"0.9953392508834265,0.954468802698145"}
[CPRIO]{"project": "hbase-server", "conf_chg":"xjodoin.hbase-phoenix-2-hbase-site", "tcp":"cb_cyclo_div", "run":"1", "scores":"0.9953387935137835,0.9540472175379427"}
[CPRIO]{"project": "hbase-server", "conf_chg":"xjodoin.hbase-phoenix-2-hbase-site", "tcp":"cb_cyclo_div", "run":"2", "scores":"0.9953392508834265,0.954468802698145"}
[CPRIO]{"project": "hbase-server", "conf_chg":"xjodoin.hbase-phoenix-2-hbase-site", "tcp":"cb_cyclo_div", "run":"3", "scores":"0.9953392508834265,0.954468802698145"}
[CPRIO]{"project": "hbase-server", "conf_chg":"xjodoin.hbase-phoenix-2-hbase-site", "tcp":"cb_cyclo_div", "run":"4", "scores":"0.9953392508834265,0.954468802698145"}
[CPRIO]{"project": "hbase-server", "conf_chg":"xjodoin.hbase-phoenix-2-hbase-site", "tcp":"cb_cyclo_div", "run":"5", "scores":"0.9953392508834265,0.954468802698145"}
[CPRIO]{"project": "hbase-server", "conf_chg":"xjodoin.hbase-phoenix-2-hbase-site", "tcp":"cb_cyclo_div", "run":"6", "scores":"0.9953392508834265,0.954468802698145"}
[CPRIO]{"project": "hbase-server", "conf_chg":"xjodoin.hbase-phoenix-2-hbase-site", "tcp":"cb_cyclo_div", "run":"7", "scores":"0.9953387935137835,0.9540472175379427"}
[CPRIO]{"project": "hbase-server", "conf_chg":"xjodoin.hbase-phoenix-2-hbase-site", "tcp":"cb_cyclo_div", "run":"8", "scores":"0.9953392508834265,0.954468802698145"}
[CPRIO]{"project": "hbase-server", "conf_chg":"xjodoin.hbase-phoenix-2-hbase-site", "tcp":"cb_cyclo_div", "run":"9", "scores":"0.9953392508834265,0.954468802698145"}
total-time: 18.03520894050598
