>>>>project: zookeeper-server
>>>>metrics: APMDc	APMD
>>>>nrun: 10
>>>>tcps: ('complexity_cyclo', ['cb_cyclo', 'cb_cyclo_bt', 'cb_cyclo_div'])
>>>>logdir: logs/cyclomatic_result
>>>>conf_chg: avvo.zookeeper-3-zoo, #params: 5, #misconfs: 1, #ctests: 73, #failed ctests: 55
>>>>conf_chg: cdposs.zookeeper-3-zoo, #params: 5, #misconfs: 1, #ctests: 73, #failed ctests: 53
>>>>conf_chg: datasense.zookeeper-3-zoo, #params: 5, #misconfs: 1, #ctests: 73, #failed ctests: 53
>>>>conf_chg: debezium.zookeeper-1-zoo, #params: 8, #misconfs: 2, #ctests: 73, #failed ctests: 54
>>>>conf_chg: elevy.zookeeper-1-zoo, #params: 8, #misconfs: 2, #ctests: 73, #failed ctests: 53
>>>>conf_chg: fabric8.zookeeper-3-zoo, #params: 4, #misconfs: 2, #ctests: 72, #failed ctests: 53
>>>>conf_chg: llparse.zookeeper-1-zoo, #params: 7, #misconfs: 6, #ctests: 73, #failed ctests: 68
>>>>conf_chg: mondough.zookeeper-3-zoo, #params: 5, #misconfs: 1, #ctests: 73, #failed ctests: 53
>>>>conf_chg: olegfedoseev.zookeeper-1-zoo, #params: 6, #misconfs: 1, #ctests: 73, #failed ctests: 53
>>>>conf_chg: pedroarthur.zookeeper-4k8s-1-zoo, #params: 5, #misconfs: 1, #ctests: 73, #failed ctests: 53
>>>>conf_chg: qiot.zookeeper-1-zoo, #params: 6, #misconfs: 1, #ctests: 93, #failed ctests: 53
>>>>conf_chg: smizy.zookeeper-2-zoo, #params: 8, #misconfs: 2, #ctests: 73, #failed ctests: 53
>>>>conf_chg: splicemachine.zookeeper-3-zoo, #params: 15, #misconfs: 2, #ctests: 73, #failed ctests: 54
>>>>conf_chg: wurstmeister.zookeeper-2-zoo, #params: 5, #misconfs: 1, #ctests: 73, #failed ctests: 53
[CPRIO]{"project": "zookeeper-server", "conf_chg":"avvo.zookeeper-3-zoo", "tcp":"cb_cyclo", "run":"0", "scores":"0.9863952136088122,0.9931506849315068"}
[CPRIO]{"project": "zookeeper-server", "conf_chg":"avvo.zookeeper-3-zoo", "tcp":"cb_cyclo", "run":"1", "scores":"0.9863952136088122,0.9931506849315068"}
[CPRIO]{"project": "zookeeper-server", "conf_chg":"avvo.zookeeper-3-zoo", "tcp":"cb_cyclo", "run":"2", "scores":"0.986395213608812,0.9931506849315068"}
[CPRIO]{"project": "zookeeper-server", "conf_chg":"avvo.zookeeper-3-zoo", "tcp":"cb_cyclo", "run":"3", "scores":"0.9863952136088122,0.9931506849315068"}
[CPRIO]{"project": "zookeeper-server", "conf_chg":"avvo.zookeeper-3-zoo", "tcp":"cb_cyclo", "run":"4", "scores":"0.986395213608812,0.9931506849315068"}
[CPRIO]{"project": "zookeeper-server", "conf_chg":"avvo.zookeeper-3-zoo", "tcp":"cb_cyclo", "run":"5", "scores":"0.9863952136088122,0.9931506849315068"}
[CPRIO]{"project": "zookeeper-server", "conf_chg":"avvo.zookeeper-3-zoo", "tcp":"cb_cyclo", "run":"6", "scores":"0.9863952136088124,0.9931506849315068"}
[CPRIO]{"project": "zookeeper-server", "conf_chg":"avvo.zookeeper-3-zoo", "tcp":"cb_cyclo", "run":"7", "scores":"0.986395213608812,0.9931506849315068"}
[CPRIO]{"project": "zookeeper-server", "conf_chg":"avvo.zookeeper-3-zoo", "tcp":"cb_cyclo", "run":"8", "scores":"0.9863952136088122,0.9931506849315068"}
[CPRIO]{"project": "zookeeper-server", "conf_chg":"avvo.zookeeper-3-zoo", "tcp":"cb_cyclo", "run":"9", "scores":"0.9863952136088124,0.9931506849315068"}
[CPRIO]{"project": "zookeeper-server", "conf_chg":"cdposs.zookeeper-3-zoo", "tcp":"cb_cyclo", "run":"0", "scores":"0.938619352268844,0.952054794520548"}
[CPRIO]{"project": "zookeeper-server", "conf_chg":"cdposs.zookeeper-3-zoo", "tcp":"cb_cyclo", "run":"1", "scores":"0.9386193522688439,0.952054794520548"}
[CPRIO]{"project": "zookeeper-server", "conf_chg":"cdposs.zookeeper-3-zoo", "tcp":"cb_cyclo", "run":"2", "scores":"0.938619352268844,0.952054794520548"}
[CPRIO]{"project": "zookeeper-server", "conf_chg":"cdposs.zookeeper-3-zoo", "tcp":"cb_cyclo", "run":"3", "scores":"0.938619352268844,0.952054794520548"}
[CPRIO]{"project": "zookeeper-server", "conf_chg":"cdposs.zookeeper-3-zoo", "tcp":"cb_cyclo", "run":"4", "scores":"0.9386193522688439,0.952054794520548"}
[CPRIO]{"project": "zookeeper-server", "conf_chg":"cdposs.zookeeper-3-zoo", "tcp":"cb_cyclo", "run":"5", "scores":"0.9386193522688439,0.952054794520548"}
[CPRIO]{"project": "zookeeper-server", "conf_chg":"cdposs.zookeeper-3-zoo", "tcp":"cb_cyclo", "run":"6", "scores":"0.9386193522688436,0.952054794520548"}
[CPRIO]{"project": "zookeeper-server", "conf_chg":"cdposs.zookeeper-3-zoo", "tcp":"cb_cyclo", "run":"7", "scores":"0.9386193522688439,0.952054794520548"}
[CPRIO]{"project": "zookeeper-server", "conf_chg":"cdposs.zookeeper-3-zoo", "tcp":"cb_cyclo", "run":"8", "scores":"0.9386193522688436,0.952054794520548"}
[CPRIO]{"project": "zookeeper-server", "conf_chg":"cdposs.zookeeper-3-zoo", "tcp":"cb_cyclo", "run":"9", "scores":"0.9386193522688436,0.952054794520548"}
[CPRIO]{"project": "zookeeper-server", "conf_chg":"datasense.zookeeper-3-zoo", "tcp":"cb_cyclo", "run":"0", "scores":"0.9397280086448329,0.952054794520548"}
[CPRIO]{"project": "zookeeper-server", "conf_chg":"datasense.zookeeper-3-zoo", "tcp":"cb_cyclo", "run":"1", "scores":"0.9397280086448327,0.952054794520548"}
[CPRIO]{"project": "zookeeper-server", "conf_chg":"datasense.zookeeper-3-zoo", "tcp":"cb_cyclo", "run":"2", "scores":"0.9397280086448329,0.952054794520548"}
[CPRIO]{"project": "zookeeper-server", "conf_chg":"datasense.zookeeper-3-zoo", "tcp":"cb_cyclo", "run":"3", "scores":"0.939728008644833,0.952054794520548"}
[CPRIO]{"project": "zookeeper-server", "conf_chg":"datasense.zookeeper-3-zoo", "tcp":"cb_cyclo", "run":"4", "scores":"0.9397280086448329,0.952054794520548"}
[CPRIO]{"project": "zookeeper-server", "conf_chg":"datasense.zookeeper-3-zoo", "tcp":"cb_cyclo", "run":"5", "scores":"0.9397280086448329,0.952054794520548"}
[CPRIO]{"project": "zookeeper-server", "conf_chg":"datasense.zookeeper-3-zoo", "tcp":"cb_cyclo", "run":"6", "scores":"0.9397280086448327,0.952054794520548"}
[CPRIO]{"project": "zookeeper-server", "conf_chg":"datasense.zookeeper-3-zoo", "tcp":"cb_cyclo", "run":"7", "scores":"0.9397280086448327,0.952054794520548"}
[CPRIO]{"project": "zookeeper-server", "conf_chg":"datasense.zookeeper-3-zoo", "tcp":"cb_cyclo", "run":"8", "scores":"0.9397280086448329,0.952054794520548"}
[CPRIO]{"project": "zookeeper-server", "conf_chg":"datasense.zookeeper-3-zoo", "tcp":"cb_cyclo", "run":"9", "scores":"0.9397280086448327,0.952054794520548"}
[CPRIO]{"project": "zookeeper-server", "conf_chg":"debezium.zookeeper-1-zoo", "tcp":"cb_cyclo", "run":"0", "scores":"0.7939525528769614,0.8219178082191781"}
[CPRIO]{"project": "zookeeper-server", "conf_chg":"debezium.zookeeper-1-zoo", "tcp":"cb_cyclo", "run":"1", "scores":"0.7789942005913121,0.815068493150685"}
[CPRIO]{"project": "zookeeper-server", "conf_chg":"debezium.zookeeper-1-zoo", "tcp":"cb_cyclo", "run":"2", "scores":"0.7787999393525892,0.8082191780821918"}
[CPRIO]{"project": "zookeeper-server", "conf_chg":"debezium.zookeeper-1-zoo", "tcp":"cb_cyclo", "run":"3", "scores":"0.7713945587900842,0.8082191780821918"}
[CPRIO]{"project": "zookeeper-server", "conf_chg":"debezium.zookeeper-1-zoo", "tcp":"cb_cyclo", "run":"4", "scores":"0.7638415870669399,0.8013698630136987"}
[CPRIO]{"project": "zookeeper-server", "conf_chg":"debezium.zookeeper-1-zoo", "tcp":"cb_cyclo", "run":"5", "scores":"0.7939525528769614,0.8219178082191781"}
[CPRIO]{"project": "zookeeper-server", "conf_chg":"debezium.zookeeper-1-zoo", "tcp":"cb_cyclo", "run":"6", "scores":"0.7789942005913121,0.815068493150685"}
[CPRIO]{"project": "zookeeper-server", "conf_chg":"debezium.zookeeper-1-zoo", "tcp":"cb_cyclo", "run":"7", "scores":"0.7789942005913124,0.815068493150685"}
[CPRIO]{"project": "zookeeper-server", "conf_chg":"debezium.zookeeper-1-zoo", "tcp":"cb_cyclo", "run":"8", "scores":"0.7939525528769618,0.8219178082191781"}
[CPRIO]{"project": "zookeeper-server", "conf_chg":"debezium.zookeeper-1-zoo", "tcp":"cb_cyclo", "run":"9", "scores":"0.7939525528769618,0.8219178082191781"}
[CPRIO]{"project": "zookeeper-server", "conf_chg":"elevy.zookeeper-1-zoo", "tcp":"cb_cyclo", "run":"0", "scores":"0.7946062323216199,0.8082191780821918"}
[CPRIO]{"project": "zookeeper-server", "conf_chg":"elevy.zookeeper-1-zoo", "tcp":"cb_cyclo", "run":"1", "scores":"0.8021315331072724,0.815068493150685"}
[CPRIO]{"project": "zookeeper-server", "conf_chg":"elevy.zookeeper-1-zoo", "tcp":"cb_cyclo", "run":"2", "scores":"0.7719948242706441,0.7945205479452055"}
[CPRIO]{"project": "zookeeper-server", "conf_chg":"elevy.zookeeper-1-zoo", "tcp":"cb_cyclo", "run":"3", "scores":"0.8021315331072727,0.815068493150685"}
[CPRIO]{"project": "zookeeper-server", "conf_chg":"elevy.zookeeper-1-zoo", "tcp":"cb_cyclo", "run":"4", "scores":"0.8021315331072725,0.815068493150685"}
[CPRIO]{"project": "zookeeper-server", "conf_chg":"elevy.zookeeper-1-zoo", "tcp":"cb_cyclo", "run":"5", "scores":"0.8021315331072726,0.815068493150685"}
[CPRIO]{"project": "zookeeper-server", "conf_chg":"elevy.zookeeper-1-zoo", "tcp":"cb_cyclo", "run":"6", "scores":"0.8021315331072728,0.815068493150685"}
[CPRIO]{"project": "zookeeper-server", "conf_chg":"elevy.zookeeper-1-zoo", "tcp":"cb_cyclo", "run":"7", "scores":"0.771994824270644,0.7945205479452055"}
[CPRIO]{"project": "zookeeper-server", "conf_chg":"elevy.zookeeper-1-zoo", "tcp":"cb_cyclo", "run":"8", "scores":"0.7870818847089608,0.8082191780821918"}
[CPRIO]{"project": "zookeeper-server", "conf_chg":"elevy.zookeeper-1-zoo", "tcp":"cb_cyclo", "run":"9", "scores":"0.8021315331072726,0.815068493150685"}
[CPRIO]{"project": "zookeeper-server", "conf_chg":"fabric8.zookeeper-3-zoo", "tcp":"cb_cyclo", "run":"0", "scores":"0.8059269483655318,0.8125"}
[CPRIO]{"project": "zookeeper-server", "conf_chg":"fabric8.zookeeper-3-zoo", "tcp":"cb_cyclo", "run":"1", "scores":"0.8060105728768051,0.8194444444444444"}
[CPRIO]{"project": "zookeeper-server", "conf_chg":"fabric8.zookeeper-3-zoo", "tcp":"cb_cyclo", "run":"2", "scores":"0.7982087972007793,0.8125"}
[CPRIO]{"project": "zookeeper-server", "conf_chg":"fabric8.zookeeper-3-zoo", "tcp":"cb_cyclo", "run":"3", "scores":"0.8060105728768052,0.8194444444444444"}
[CPRIO]{"project": "zookeeper-server", "conf_chg":"fabric8.zookeeper-3-zoo", "tcp":"cb_cyclo", "run":"4", "scores":"0.7904896679715673,0.8055555555555556"}
[CPRIO]{"project": "zookeeper-server", "conf_chg":"fabric8.zookeeper-3-zoo", "tcp":"cb_cyclo", "run":"5", "scores":"0.7982087972007793,0.8125"}
[CPRIO]{"project": "zookeeper-server", "conf_chg":"fabric8.zookeeper-3-zoo", "tcp":"cb_cyclo", "run":"6", "scores":"0.7982087972007793,0.8125"}
[CPRIO]{"project": "zookeeper-server", "conf_chg":"fabric8.zookeeper-3-zoo", "tcp":"cb_cyclo", "run":"7", "scores":"0.7982087972007791,0.8125"}
[CPRIO]{"project": "zookeeper-server", "conf_chg":"fabric8.zookeeper-3-zoo", "tcp":"cb_cyclo", "run":"8", "scores":"0.8136460775947436,0.8194444444444444"}
[CPRIO]{"project": "zookeeper-server", "conf_chg":"fabric8.zookeeper-3-zoo", "tcp":"cb_cyclo", "run":"9", "scores":"0.8214478532707694,0.8263888888888888"}
[CPRIO]{"project": "zookeeper-server", "conf_chg":"llparse.zookeeper-1-zoo", "tcp":"cb_cyclo", "run":"0", "scores":"0.9933522789878915,0.9931506849315068"}
[CPRIO]{"project": "zookeeper-server", "conf_chg":"llparse.zookeeper-1-zoo", "tcp":"cb_cyclo", "run":"1", "scores":"0.9933522789878912,0.9931506849315068"}
[CPRIO]{"project": "zookeeper-server", "conf_chg":"llparse.zookeeper-1-zoo", "tcp":"cb_cyclo", "run":"2", "scores":"0.9933522789878917,0.9931506849315068"}
[CPRIO]{"project": "zookeeper-server", "conf_chg":"llparse.zookeeper-1-zoo", "tcp":"cb_cyclo", "run":"3", "scores":"0.9933522789878915,0.9931506849315068"}
[CPRIO]{"project": "zookeeper-server", "conf_chg":"llparse.zookeeper-1-zoo", "tcp":"cb_cyclo", "run":"4", "scores":"0.9933522789878912,0.9931506849315068"}
[CPRIO]{"project": "zookeeper-server", "conf_chg":"llparse.zookeeper-1-zoo", "tcp":"cb_cyclo", "run":"5", "scores":"0.9933522789878915,0.9931506849315068"}
[CPRIO]{"project": "zookeeper-server", "conf_chg":"llparse.zookeeper-1-zoo", "tcp":"cb_cyclo", "run":"6", "scores":"0.993352278987891,0.9931506849315068"}
[CPRIO]{"project": "zookeeper-server", "conf_chg":"llparse.zookeeper-1-zoo", "tcp":"cb_cyclo", "run":"7", "scores":"0.9933522789878912,0.9931506849315068"}
[CPRIO]{"project": "zookeeper-server", "conf_chg":"llparse.zookeeper-1-zoo", "tcp":"cb_cyclo", "run":"8", "scores":"0.9933522789878912,0.9931506849315068"}
[CPRIO]{"project": "zookeeper-server", "conf_chg":"llparse.zookeeper-1-zoo", "tcp":"cb_cyclo", "run":"9", "scores":"0.9933522789878915,0.9931506849315068"}
[CPRIO]{"project": "zookeeper-server", "conf_chg":"mondough.zookeeper-3-zoo", "tcp":"cb_cyclo", "run":"0", "scores":"0.9382475799506726,0.952054794520548"}
[CPRIO]{"project": "zookeeper-server", "conf_chg":"mondough.zookeeper-3-zoo", "tcp":"cb_cyclo", "run":"1", "scores":"0.9382475799506731,0.952054794520548"}
[CPRIO]{"project": "zookeeper-server", "conf_chg":"mondough.zookeeper-3-zoo", "tcp":"cb_cyclo", "run":"2", "scores":"0.9382475799506729,0.952054794520548"}
[CPRIO]{"project": "zookeeper-server", "conf_chg":"mondough.zookeeper-3-zoo", "tcp":"cb_cyclo", "run":"3", "scores":"0.9382475799506728,0.952054794520548"}
[CPRIO]{"project": "zookeeper-server", "conf_chg":"mondough.zookeeper-3-zoo", "tcp":"cb_cyclo", "run":"4", "scores":"0.938247579950673,0.952054794520548"}
[CPRIO]{"project": "zookeeper-server", "conf_chg":"mondough.zookeeper-3-zoo", "tcp":"cb_cyclo", "run":"5", "scores":"0.9382475799506729,0.952054794520548"}
[CPRIO]{"project": "zookeeper-server", "conf_chg":"mondough.zookeeper-3-zoo", "tcp":"cb_cyclo", "run":"6", "scores":"0.9382475799506725,0.952054794520548"}
[CPRIO]{"project": "zookeeper-server", "conf_chg":"mondough.zookeeper-3-zoo", "tcp":"cb_cyclo", "run":"7", "scores":"0.9382475799506728,0.952054794520548"}
[CPRIO]{"project": "zookeeper-server", "conf_chg":"mondough.zookeeper-3-zoo", "tcp":"cb_cyclo", "run":"8", "scores":"0.938247579950673,0.952054794520548"}
[CPRIO]{"project": "zookeeper-server", "conf_chg":"mondough.zookeeper-3-zoo", "tcp":"cb_cyclo", "run":"9", "scores":"0.9382475799506729,0.952054794520548"}
[CPRIO]{"project": "zookeeper-server", "conf_chg":"olegfedoseev.zookeeper-1-zoo", "tcp":"cb_cyclo", "run":"0", "scores":"0.9380606106915595,0.952054794520548"}
[CPRIO]{"project": "zookeeper-server", "conf_chg":"olegfedoseev.zookeeper-1-zoo", "tcp":"cb_cyclo", "run":"1", "scores":"0.9380606106915599,0.952054794520548"}
[CPRIO]{"project": "zookeeper-server", "conf_chg":"olegfedoseev.zookeeper-1-zoo", "tcp":"cb_cyclo", "run":"2", "scores":"0.9380606106915597,0.952054794520548"}
[CPRIO]{"project": "zookeeper-server", "conf_chg":"olegfedoseev.zookeeper-1-zoo", "tcp":"cb_cyclo", "run":"3", "scores":"0.9380606106915595,0.952054794520548"}
[CPRIO]{"project": "zookeeper-server", "conf_chg":"olegfedoseev.zookeeper-1-zoo", "tcp":"cb_cyclo", "run":"4", "scores":"0.9380606106915593,0.952054794520548"}
[CPRIO]{"project": "zookeeper-server", "conf_chg":"olegfedoseev.zookeeper-1-zoo", "tcp":"cb_cyclo", "run":"5", "scores":"0.9380606106915599,0.952054794520548"}
[CPRIO]{"project": "zookeeper-server", "conf_chg":"olegfedoseev.zookeeper-1-zoo", "tcp":"cb_cyclo", "run":"6", "scores":"0.93806061069156,0.952054794520548"}
[CPRIO]{"project": "zookeeper-server", "conf_chg":"olegfedoseev.zookeeper-1-zoo", "tcp":"cb_cyclo", "run":"7", "scores":"0.9380606106915599,0.952054794520548"}
[CPRIO]{"project": "zookeeper-server", "conf_chg":"olegfedoseev.zookeeper-1-zoo", "tcp":"cb_cyclo", "run":"8", "scores":"0.9380606106915598,0.952054794520548"}
[CPRIO]{"project": "zookeeper-server", "conf_chg":"olegfedoseev.zookeeper-1-zoo", "tcp":"cb_cyclo", "run":"9", "scores":"0.9380606106915599,0.952054794520548"}
[CPRIO]{"project": "zookeeper-server", "conf_chg":"pedroarthur.zookeeper-4k8s-1-zoo", "tcp":"cb_cyclo", "run":"0", "scores":"0.9386797954971191,0.952054794520548"}
[CPRIO]{"project": "zookeeper-server", "conf_chg":"pedroarthur.zookeeper-4k8s-1-zoo", "tcp":"cb_cyclo", "run":"1", "scores":"0.9386797954971197,0.952054794520548"}
[CPRIO]{"project": "zookeeper-server", "conf_chg":"pedroarthur.zookeeper-4k8s-1-zoo", "tcp":"cb_cyclo", "run":"2", "scores":"0.9386797954971193,0.952054794520548"}
[CPRIO]{"project": "zookeeper-server", "conf_chg":"pedroarthur.zookeeper-4k8s-1-zoo", "tcp":"cb_cyclo", "run":"3", "scores":"0.9386797954971191,0.952054794520548"}
[CPRIO]{"project": "zookeeper-server", "conf_chg":"pedroarthur.zookeeper-4k8s-1-zoo", "tcp":"cb_cyclo", "run":"4", "scores":"0.9386797954971189,0.952054794520548"}
[CPRIO]{"project": "zookeeper-server", "conf_chg":"pedroarthur.zookeeper-4k8s-1-zoo", "tcp":"cb_cyclo", "run":"5", "scores":"0.9386797954971191,0.952054794520548"}
[CPRIO]{"project": "zookeeper-server", "conf_chg":"pedroarthur.zookeeper-4k8s-1-zoo", "tcp":"cb_cyclo", "run":"6", "scores":"0.9386797954971191,0.952054794520548"}
[CPRIO]{"project": "zookeeper-server", "conf_chg":"pedroarthur.zookeeper-4k8s-1-zoo", "tcp":"cb_cyclo", "run":"7", "scores":"0.9386797954971191,0.952054794520548"}
[CPRIO]{"project": "zookeeper-server", "conf_chg":"pedroarthur.zookeeper-4k8s-1-zoo", "tcp":"cb_cyclo", "run":"8", "scores":"0.9386797954971196,0.952054794520548"}
[CPRIO]{"project": "zookeeper-server", "conf_chg":"pedroarthur.zookeeper-4k8s-1-zoo", "tcp":"cb_cyclo", "run":"9", "scores":"0.9386797954971196,0.952054794520548"}
[CPRIO]{"project": "zookeeper-server", "conf_chg":"qiot.zookeeper-1-zoo", "tcp":"cb_cyclo", "run":"0", "scores":"0.9405218153350102,0.9408602150537635"}
[CPRIO]{"project": "zookeeper-server", "conf_chg":"qiot.zookeeper-1-zoo", "tcp":"cb_cyclo", "run":"1", "scores":"0.9405218153350099,0.9408602150537635"}
[CPRIO]{"project": "zookeeper-server", "conf_chg":"qiot.zookeeper-1-zoo", "tcp":"cb_cyclo", "run":"2", "scores":"0.9405218153350104,0.9408602150537635"}
[CPRIO]{"project": "zookeeper-server", "conf_chg":"qiot.zookeeper-1-zoo", "tcp":"cb_cyclo", "run":"3", "scores":"0.9405218153350102,0.9408602150537635"}
[CPRIO]{"project": "zookeeper-server", "conf_chg":"qiot.zookeeper-1-zoo", "tcp":"cb_cyclo", "run":"4", "scores":"0.9405218153350102,0.9408602150537635"}
[CPRIO]{"project": "zookeeper-server", "conf_chg":"qiot.zookeeper-1-zoo", "tcp":"cb_cyclo", "run":"5", "scores":"0.9405218153350102,0.9408602150537635"}
[CPRIO]{"project": "zookeeper-server", "conf_chg":"qiot.zookeeper-1-zoo", "tcp":"cb_cyclo", "run":"6", "scores":"0.9405218153350099,0.9408602150537635"}
[CPRIO]{"project": "zookeeper-server", "conf_chg":"qiot.zookeeper-1-zoo", "tcp":"cb_cyclo", "run":"7", "scores":"0.9405218153350104,0.9408602150537635"}
[CPRIO]{"project": "zookeeper-server", "conf_chg":"qiot.zookeeper-1-zoo", "tcp":"cb_cyclo", "run":"8", "scores":"0.9405218153350102,0.9408602150537635"}
[CPRIO]{"project": "zookeeper-server", "conf_chg":"qiot.zookeeper-1-zoo", "tcp":"cb_cyclo", "run":"9", "scores":"0.9405218153350099,0.9408602150537635"}
[CPRIO]{"project": "zookeeper-server", "conf_chg":"smizy.zookeeper-2-zoo", "tcp":"cb_cyclo", "run":"0", "scores":"0.8122699482036739,0.815068493150685"}
[CPRIO]{"project": "zookeeper-server", "conf_chg":"smizy.zookeeper-2-zoo", "tcp":"cb_cyclo", "run":"1", "scores":"0.781502862326105,0.7945205479452055"}
[CPRIO]{"project": "zookeeper-server", "conf_chg":"smizy.zookeeper-2-zoo", "tcp":"cb_cyclo", "run":"2", "scores":"0.8045567044222499,0.8082191780821918"}
[CPRIO]{"project": "zookeeper-server", "conf_chg":"smizy.zookeeper-2-zoo", "tcp":"cb_cyclo", "run":"3", "scores":"0.7891886118156355,0.8013698630136987"}
[CPRIO]{"project": "zookeeper-server", "conf_chg":"smizy.zookeeper-2-zoo", "tcp":"cb_cyclo", "run":"4", "scores":"0.8122699482036742,0.815068493150685"}
[CPRIO]{"project": "zookeeper-server", "conf_chg":"smizy.zookeeper-2-zoo", "tcp":"cb_cyclo", "run":"5", "scores":"0.8122699482036739,0.815068493150685"}
[CPRIO]{"project": "zookeeper-server", "conf_chg":"smizy.zookeeper-2-zoo", "tcp":"cb_cyclo", "run":"6", "scores":"0.8045841987141432,0.8082191780821918"}
[CPRIO]{"project": "zookeeper-server", "conf_chg":"smizy.zookeeper-2-zoo", "tcp":"cb_cyclo", "run":"7", "scores":"0.8045567044222501,0.8082191780821918"}
[CPRIO]{"project": "zookeeper-server", "conf_chg":"smizy.zookeeper-2-zoo", "tcp":"cb_cyclo", "run":"8", "scores":"0.7815028623261046,0.7945205479452055"}
[CPRIO]{"project": "zookeeper-server", "conf_chg":"smizy.zookeeper-2-zoo", "tcp":"cb_cyclo", "run":"9", "scores":"0.7968709549327198,0.8013698630136987"}
[CPRIO]{"project": "zookeeper-server", "conf_chg":"splicemachine.zookeeper-3-zoo", "tcp":"cb_cyclo", "run":"0", "scores":"0.9667289207467129,0.9794520547945206"}
[CPRIO]{"project": "zookeeper-server", "conf_chg":"splicemachine.zookeeper-3-zoo", "tcp":"cb_cyclo", "run":"1", "scores":"0.9667289207467127,0.9794520547945206"}
[CPRIO]{"project": "zookeeper-server", "conf_chg":"splicemachine.zookeeper-3-zoo", "tcp":"cb_cyclo", "run":"2", "scores":"0.9667289207467129,0.9794520547945206"}
[CPRIO]{"project": "zookeeper-server", "conf_chg":"splicemachine.zookeeper-3-zoo", "tcp":"cb_cyclo", "run":"3", "scores":"0.9667289207467129,0.9794520547945206"}
[CPRIO]{"project": "zookeeper-server", "conf_chg":"splicemachine.zookeeper-3-zoo", "tcp":"cb_cyclo", "run":"4", "scores":"0.9667289207467127,0.9794520547945206"}
[CPRIO]{"project": "zookeeper-server", "conf_chg":"splicemachine.zookeeper-3-zoo", "tcp":"cb_cyclo", "run":"5", "scores":"0.9667289207467127,0.9794520547945206"}
[CPRIO]{"project": "zookeeper-server", "conf_chg":"splicemachine.zookeeper-3-zoo", "tcp":"cb_cyclo", "run":"6", "scores":"0.9667289207467129,0.9794520547945206"}
[CPRIO]{"project": "zookeeper-server", "conf_chg":"splicemachine.zookeeper-3-zoo", "tcp":"cb_cyclo", "run":"7", "scores":"0.9667289207467129,0.9794520547945206"}
[CPRIO]{"project": "zookeeper-server", "conf_chg":"splicemachine.zookeeper-3-zoo", "tcp":"cb_cyclo", "run":"8", "scores":"0.9667289207467127,0.9794520547945206"}
[CPRIO]{"project": "zookeeper-server", "conf_chg":"splicemachine.zookeeper-3-zoo", "tcp":"cb_cyclo", "run":"9", "scores":"0.9667289207467129,0.9794520547945206"}
[CPRIO]{"project": "zookeeper-server", "conf_chg":"wurstmeister.zookeeper-2-zoo", "tcp":"cb_cyclo", "run":"0", "scores":"0.9369031603090399,0.952054794520548"}
[CPRIO]{"project": "zookeeper-server", "conf_chg":"wurstmeister.zookeeper-2-zoo", "tcp":"cb_cyclo", "run":"1", "scores":"0.9369031603090399,0.952054794520548"}
[CPRIO]{"project": "zookeeper-server", "conf_chg":"wurstmeister.zookeeper-2-zoo", "tcp":"cb_cyclo", "run":"2", "scores":"0.93690316030904,0.952054794520548"}
[CPRIO]{"project": "zookeeper-server", "conf_chg":"wurstmeister.zookeeper-2-zoo", "tcp":"cb_cyclo", "run":"3", "scores":"0.93690316030904,0.952054794520548"}
[CPRIO]{"project": "zookeeper-server", "conf_chg":"wurstmeister.zookeeper-2-zoo", "tcp":"cb_cyclo", "run":"4", "scores":"0.9369031603090399,0.952054794520548"}
[CPRIO]{"project": "zookeeper-server", "conf_chg":"wurstmeister.zookeeper-2-zoo", "tcp":"cb_cyclo", "run":"5", "scores":"0.9369031603090396,0.952054794520548"}
[CPRIO]{"project": "zookeeper-server", "conf_chg":"wurstmeister.zookeeper-2-zoo", "tcp":"cb_cyclo", "run":"6", "scores":"0.9369031603090396,0.952054794520548"}
[CPRIO]{"project": "zookeeper-server", "conf_chg":"wurstmeister.zookeeper-2-zoo", "tcp":"cb_cyclo", "run":"7", "scores":"0.9369031603090394,0.952054794520548"}
[CPRIO]{"project": "zookeeper-server", "conf_chg":"wurstmeister.zookeeper-2-zoo", "tcp":"cb_cyclo", "run":"8", "scores":"0.93690316030904,0.952054794520548"}
[CPRIO]{"project": "zookeeper-server", "conf_chg":"wurstmeister.zookeeper-2-zoo", "tcp":"cb_cyclo", "run":"9", "scores":"0.93690316030904,0.952054794520548"}
[CPRIO]{"project": "zookeeper-server", "conf_chg":"avvo.zookeeper-3-zoo", "tcp":"cb_cyclo_bt", "run":"0", "scores":"0.986395213608812,0.9931506849315068"}
[CPRIO]{"project": "zookeeper-server", "conf_chg":"avvo.zookeeper-3-zoo", "tcp":"cb_cyclo_bt", "run":"1", "scores":"0.986395213608812,0.9931506849315068"}
[CPRIO]{"project": "zookeeper-server", "conf_chg":"avvo.zookeeper-3-zoo", "tcp":"cb_cyclo_bt", "run":"2", "scores":"0.986395213608812,0.9931506849315068"}
[CPRIO]{"project": "zookeeper-server", "conf_chg":"avvo.zookeeper-3-zoo", "tcp":"cb_cyclo_bt", "run":"3", "scores":"0.986395213608812,0.9931506849315068"}
[CPRIO]{"project": "zookeeper-server", "conf_chg":"avvo.zookeeper-3-zoo", "tcp":"cb_cyclo_bt", "run":"4", "scores":"0.986395213608812,0.9931506849315068"}
[CPRIO]{"project": "zookeeper-server", "conf_chg":"avvo.zookeeper-3-zoo", "tcp":"cb_cyclo_bt", "run":"5", "scores":"0.986395213608812,0.9931506849315068"}
[CPRIO]{"project": "zookeeper-server", "conf_chg":"avvo.zookeeper-3-zoo", "tcp":"cb_cyclo_bt", "run":"6", "scores":"0.986395213608812,0.9931506849315068"}
[CPRIO]{"project": "zookeeper-server", "conf_chg":"avvo.zookeeper-3-zoo", "tcp":"cb_cyclo_bt", "run":"7", "scores":"0.986395213608812,0.9931506849315068"}
[CPRIO]{"project": "zookeeper-server", "conf_chg":"avvo.zookeeper-3-zoo", "tcp":"cb_cyclo_bt", "run":"8", "scores":"0.986395213608812,0.9931506849315068"}
[CPRIO]{"project": "zookeeper-server", "conf_chg":"avvo.zookeeper-3-zoo", "tcp":"cb_cyclo_bt", "run":"9", "scores":"0.986395213608812,0.9931506849315068"}
[CPRIO]{"project": "zookeeper-server", "conf_chg":"cdposs.zookeeper-3-zoo", "tcp":"cb_cyclo_bt", "run":"0", "scores":"0.9386193522688436,0.952054794520548"}
[CPRIO]{"project": "zookeeper-server", "conf_chg":"cdposs.zookeeper-3-zoo", "tcp":"cb_cyclo_bt", "run":"1", "scores":"0.9386193522688436,0.952054794520548"}
[CPRIO]{"project": "zookeeper-server", "conf_chg":"cdposs.zookeeper-3-zoo", "tcp":"cb_cyclo_bt", "run":"2", "scores":"0.9386193522688436,0.952054794520548"}
[CPRIO]{"project": "zookeeper-server", "conf_chg":"cdposs.zookeeper-3-zoo", "tcp":"cb_cyclo_bt", "run":"3", "scores":"0.9386193522688436,0.952054794520548"}
[CPRIO]{"project": "zookeeper-server", "conf_chg":"cdposs.zookeeper-3-zoo", "tcp":"cb_cyclo_bt", "run":"4", "scores":"0.9386193522688436,0.952054794520548"}
[CPRIO]{"project": "zookeeper-server", "conf_chg":"cdposs.zookeeper-3-zoo", "tcp":"cb_cyclo_bt", "run":"5", "scores":"0.9386193522688436,0.952054794520548"}
[CPRIO]{"project": "zookeeper-server", "conf_chg":"cdposs.zookeeper-3-zoo", "tcp":"cb_cyclo_bt", "run":"6", "scores":"0.9386193522688436,0.952054794520548"}
[CPRIO]{"project": "zookeeper-server", "conf_chg":"cdposs.zookeeper-3-zoo", "tcp":"cb_cyclo_bt", "run":"7", "scores":"0.9386193522688436,0.952054794520548"}
[CPRIO]{"project": "zookeeper-server", "conf_chg":"cdposs.zookeeper-3-zoo", "tcp":"cb_cyclo_bt", "run":"8", "scores":"0.9386193522688436,0.952054794520548"}
[CPRIO]{"project": "zookeeper-server", "conf_chg":"cdposs.zookeeper-3-zoo", "tcp":"cb_cyclo_bt", "run":"9", "scores":"0.9386193522688436,0.952054794520548"}
[CPRIO]{"project": "zookeeper-server", "conf_chg":"datasense.zookeeper-3-zoo", "tcp":"cb_cyclo_bt", "run":"0", "scores":"0.9397280086448329,0.952054794520548"}
[CPRIO]{"project": "zookeeper-server", "conf_chg":"datasense.zookeeper-3-zoo", "tcp":"cb_cyclo_bt", "run":"1", "scores":"0.9397280086448329,0.952054794520548"}
[CPRIO]{"project": "zookeeper-server", "conf_chg":"datasense.zookeeper-3-zoo", "tcp":"cb_cyclo_bt", "run":"2", "scores":"0.9397280086448329,0.952054794520548"}
[CPRIO]{"project": "zookeeper-server", "conf_chg":"datasense.zookeeper-3-zoo", "tcp":"cb_cyclo_bt", "run":"3", "scores":"0.9397280086448329,0.952054794520548"}
[CPRIO]{"project": "zookeeper-server", "conf_chg":"datasense.zookeeper-3-zoo", "tcp":"cb_cyclo_bt", "run":"4", "scores":"0.9397280086448329,0.952054794520548"}
[CPRIO]{"project": "zookeeper-server", "conf_chg":"datasense.zookeeper-3-zoo", "tcp":"cb_cyclo_bt", "run":"5", "scores":"0.9397280086448329,0.952054794520548"}
[CPRIO]{"project": "zookeeper-server", "conf_chg":"datasense.zookeeper-3-zoo", "tcp":"cb_cyclo_bt", "run":"6", "scores":"0.9397280086448329,0.952054794520548"}
[CPRIO]{"project": "zookeeper-server", "conf_chg":"datasense.zookeeper-3-zoo", "tcp":"cb_cyclo_bt", "run":"7", "scores":"0.9397280086448329,0.952054794520548"}
[CPRIO]{"project": "zookeeper-server", "conf_chg":"datasense.zookeeper-3-zoo", "tcp":"cb_cyclo_bt", "run":"8", "scores":"0.9397280086448329,0.952054794520548"}
[CPRIO]{"project": "zookeeper-server", "conf_chg":"datasense.zookeeper-3-zoo", "tcp":"cb_cyclo_bt", "run":"9", "scores":"0.9397280086448329,0.952054794520548"}
[CPRIO]{"project": "zookeeper-server", "conf_chg":"debezium.zookeeper-1-zoo", "tcp":"cb_cyclo_bt", "run":"0", "scores":"0.7638415870669397,0.8013698630136987"}
[CPRIO]{"project": "zookeeper-server", "conf_chg":"debezium.zookeeper-1-zoo", "tcp":"cb_cyclo_bt", "run":"1", "scores":"0.7638415870669397,0.8013698630136987"}
[CPRIO]{"project": "zookeeper-server", "conf_chg":"debezium.zookeeper-1-zoo", "tcp":"cb_cyclo_bt", "run":"2", "scores":"0.7638415870669397,0.8013698630136987"}
[CPRIO]{"project": "zookeeper-server", "conf_chg":"debezium.zookeeper-1-zoo", "tcp":"cb_cyclo_bt", "run":"3", "scores":"0.7638415870669397,0.8013698630136987"}
[CPRIO]{"project": "zookeeper-server", "conf_chg":"debezium.zookeeper-1-zoo", "tcp":"cb_cyclo_bt", "run":"4", "scores":"0.7638415870669397,0.8013698630136987"}
[CPRIO]{"project": "zookeeper-server", "conf_chg":"debezium.zookeeper-1-zoo", "tcp":"cb_cyclo_bt", "run":"5", "scores":"0.7638415870669397,0.8013698630136987"}
[CPRIO]{"project": "zookeeper-server", "conf_chg":"debezium.zookeeper-1-zoo", "tcp":"cb_cyclo_bt", "run":"6", "scores":"0.7638415870669397,0.8013698630136987"}
[CPRIO]{"project": "zookeeper-server", "conf_chg":"debezium.zookeeper-1-zoo", "tcp":"cb_cyclo_bt", "run":"7", "scores":"0.7638415870669397,0.8013698630136987"}
[CPRIO]{"project": "zookeeper-server", "conf_chg":"debezium.zookeeper-1-zoo", "tcp":"cb_cyclo_bt", "run":"8", "scores":"0.7638415870669397,0.8013698630136987"}
[CPRIO]{"project": "zookeeper-server", "conf_chg":"debezium.zookeeper-1-zoo", "tcp":"cb_cyclo_bt", "run":"9", "scores":"0.7638415870669397,0.8013698630136987"}
[CPRIO]{"project": "zookeeper-server", "conf_chg":"elevy.zookeeper-1-zoo", "tcp":"cb_cyclo_bt", "run":"0", "scores":"0.771994824270644,0.7945205479452055"}
[CPRIO]{"project": "zookeeper-server", "conf_chg":"elevy.zookeeper-1-zoo", "tcp":"cb_cyclo_bt", "run":"1", "scores":"0.771994824270644,0.7945205479452055"}
[CPRIO]{"project": "zookeeper-server", "conf_chg":"elevy.zookeeper-1-zoo", "tcp":"cb_cyclo_bt", "run":"2", "scores":"0.771994824270644,0.7945205479452055"}
[CPRIO]{"project": "zookeeper-server", "conf_chg":"elevy.zookeeper-1-zoo", "tcp":"cb_cyclo_bt", "run":"3", "scores":"0.771994824270644,0.7945205479452055"}
[CPRIO]{"project": "zookeeper-server", "conf_chg":"elevy.zookeeper-1-zoo", "tcp":"cb_cyclo_bt", "run":"4", "scores":"0.771994824270644,0.7945205479452055"}
[CPRIO]{"project": "zookeeper-server", "conf_chg":"elevy.zookeeper-1-zoo", "tcp":"cb_cyclo_bt", "run":"5", "scores":"0.771994824270644,0.7945205479452055"}
[CPRIO]{"project": "zookeeper-server", "conf_chg":"elevy.zookeeper-1-zoo", "tcp":"cb_cyclo_bt", "run":"6", "scores":"0.771994824270644,0.7945205479452055"}
[CPRIO]{"project": "zookeeper-server", "conf_chg":"elevy.zookeeper-1-zoo", "tcp":"cb_cyclo_bt", "run":"7", "scores":"0.771994824270644,0.7945205479452055"}
[CPRIO]{"project": "zookeeper-server", "conf_chg":"elevy.zookeeper-1-zoo", "tcp":"cb_cyclo_bt", "run":"8", "scores":"0.771994824270644,0.7945205479452055"}
[CPRIO]{"project": "zookeeper-server", "conf_chg":"elevy.zookeeper-1-zoo", "tcp":"cb_cyclo_bt", "run":"9", "scores":"0.771994824270644,0.7945205479452055"}
[CPRIO]{"project": "zookeeper-server", "conf_chg":"fabric8.zookeeper-3-zoo", "tcp":"cb_cyclo_bt", "run":"0", "scores":"0.7904896679715673,0.8055555555555556"}
[CPRIO]{"project": "zookeeper-server", "conf_chg":"fabric8.zookeeper-3-zoo", "tcp":"cb_cyclo_bt", "run":"1", "scores":"0.7904896679715673,0.8055555555555556"}
[CPRIO]{"project": "zookeeper-server", "conf_chg":"fabric8.zookeeper-3-zoo", "tcp":"cb_cyclo_bt", "run":"2", "scores":"0.7904896679715673,0.8055555555555556"}
[CPRIO]{"project": "zookeeper-server", "conf_chg":"fabric8.zookeeper-3-zoo", "tcp":"cb_cyclo_bt", "run":"3", "scores":"0.7904896679715673,0.8055555555555556"}
[CPRIO]{"project": "zookeeper-server", "conf_chg":"fabric8.zookeeper-3-zoo", "tcp":"cb_cyclo_bt", "run":"4", "scores":"0.7904896679715673,0.8055555555555556"}
[CPRIO]{"project": "zookeeper-server", "conf_chg":"fabric8.zookeeper-3-zoo", "tcp":"cb_cyclo_bt", "run":"5", "scores":"0.7904896679715673,0.8055555555555556"}
[CPRIO]{"project": "zookeeper-server", "conf_chg":"fabric8.zookeeper-3-zoo", "tcp":"cb_cyclo_bt", "run":"6", "scores":"0.7904896679715673,0.8055555555555556"}
[CPRIO]{"project": "zookeeper-server", "conf_chg":"fabric8.zookeeper-3-zoo", "tcp":"cb_cyclo_bt", "run":"7", "scores":"0.7904896679715673,0.8055555555555556"}
[CPRIO]{"project": "zookeeper-server", "conf_chg":"fabric8.zookeeper-3-zoo", "tcp":"cb_cyclo_bt", "run":"8", "scores":"0.7904896679715673,0.8055555555555556"}
[CPRIO]{"project": "zookeeper-server", "conf_chg":"fabric8.zookeeper-3-zoo", "tcp":"cb_cyclo_bt", "run":"9", "scores":"0.7904896679715673,0.8055555555555556"}
[CPRIO]{"project": "zookeeper-server", "conf_chg":"llparse.zookeeper-1-zoo", "tcp":"cb_cyclo_bt", "run":"0", "scores":"0.9933522789878914,0.9931506849315068"}
[CPRIO]{"project": "zookeeper-server", "conf_chg":"llparse.zookeeper-1-zoo", "tcp":"cb_cyclo_bt", "run":"1", "scores":"0.9933522789878914,0.9931506849315068"}
[CPRIO]{"project": "zookeeper-server", "conf_chg":"llparse.zookeeper-1-zoo", "tcp":"cb_cyclo_bt", "run":"2", "scores":"0.9933522789878914,0.9931506849315068"}
[CPRIO]{"project": "zookeeper-server", "conf_chg":"llparse.zookeeper-1-zoo", "tcp":"cb_cyclo_bt", "run":"3", "scores":"0.9933522789878914,0.9931506849315068"}
[CPRIO]{"project": "zookeeper-server", "conf_chg":"llparse.zookeeper-1-zoo", "tcp":"cb_cyclo_bt", "run":"4", "scores":"0.9933522789878914,0.9931506849315068"}
[CPRIO]{"project": "zookeeper-server", "conf_chg":"llparse.zookeeper-1-zoo", "tcp":"cb_cyclo_bt", "run":"5", "scores":"0.9933522789878914,0.9931506849315068"}
[CPRIO]{"project": "zookeeper-server", "conf_chg":"llparse.zookeeper-1-zoo", "tcp":"cb_cyclo_bt", "run":"6", "scores":"0.9933522789878914,0.9931506849315068"}
[CPRIO]{"project": "zookeeper-server", "conf_chg":"llparse.zookeeper-1-zoo", "tcp":"cb_cyclo_bt", "run":"7", "scores":"0.9933522789878914,0.9931506849315068"}
[CPRIO]{"project": "zookeeper-server", "conf_chg":"llparse.zookeeper-1-zoo", "tcp":"cb_cyclo_bt", "run":"8", "scores":"0.9933522789878914,0.9931506849315068"}
[CPRIO]{"project": "zookeeper-server", "conf_chg":"llparse.zookeeper-1-zoo", "tcp":"cb_cyclo_bt", "run":"9", "scores":"0.9933522789878914,0.9931506849315068"}
[CPRIO]{"project": "zookeeper-server", "conf_chg":"mondough.zookeeper-3-zoo", "tcp":"cb_cyclo_bt", "run":"0", "scores":"0.938247579950673,0.952054794520548"}
[CPRIO]{"project": "zookeeper-server", "conf_chg":"mondough.zookeeper-3-zoo", "tcp":"cb_cyclo_bt", "run":"1", "scores":"0.938247579950673,0.952054794520548"}
[CPRIO]{"project": "zookeeper-server", "conf_chg":"mondough.zookeeper-3-zoo", "tcp":"cb_cyclo_bt", "run":"2", "scores":"0.938247579950673,0.952054794520548"}
[CPRIO]{"project": "zookeeper-server", "conf_chg":"mondough.zookeeper-3-zoo", "tcp":"cb_cyclo_bt", "run":"3", "scores":"0.938247579950673,0.952054794520548"}
[CPRIO]{"project": "zookeeper-server", "conf_chg":"mondough.zookeeper-3-zoo", "tcp":"cb_cyclo_bt", "run":"4", "scores":"0.938247579950673,0.952054794520548"}
[CPRIO]{"project": "zookeeper-server", "conf_chg":"mondough.zookeeper-3-zoo", "tcp":"cb_cyclo_bt", "run":"5", "scores":"0.938247579950673,0.952054794520548"}
[CPRIO]{"project": "zookeeper-server", "conf_chg":"mondough.zookeeper-3-zoo", "tcp":"cb_cyclo_bt", "run":"6", "scores":"0.938247579950673,0.952054794520548"}
[CPRIO]{"project": "zookeeper-server", "conf_chg":"mondough.zookeeper-3-zoo", "tcp":"cb_cyclo_bt", "run":"7", "scores":"0.938247579950673,0.952054794520548"}
[CPRIO]{"project": "zookeeper-server", "conf_chg":"mondough.zookeeper-3-zoo", "tcp":"cb_cyclo_bt", "run":"8", "scores":"0.938247579950673,0.952054794520548"}
[CPRIO]{"project": "zookeeper-server", "conf_chg":"mondough.zookeeper-3-zoo", "tcp":"cb_cyclo_bt", "run":"9", "scores":"0.938247579950673,0.952054794520548"}
[CPRIO]{"project": "zookeeper-server", "conf_chg":"olegfedoseev.zookeeper-1-zoo", "tcp":"cb_cyclo_bt", "run":"0", "scores":"0.9380606106915594,0.952054794520548"}
[CPRIO]{"project": "zookeeper-server", "conf_chg":"olegfedoseev.zookeeper-1-zoo", "tcp":"cb_cyclo_bt", "run":"1", "scores":"0.9380606106915594,0.952054794520548"}
[CPRIO]{"project": "zookeeper-server", "conf_chg":"olegfedoseev.zookeeper-1-zoo", "tcp":"cb_cyclo_bt", "run":"2", "scores":"0.9380606106915594,0.952054794520548"}
[CPRIO]{"project": "zookeeper-server", "conf_chg":"olegfedoseev.zookeeper-1-zoo", "tcp":"cb_cyclo_bt", "run":"3", "scores":"0.9380606106915594,0.952054794520548"}
[CPRIO]{"project": "zookeeper-server", "conf_chg":"olegfedoseev.zookeeper-1-zoo", "tcp":"cb_cyclo_bt", "run":"4", "scores":"0.9380606106915594,0.952054794520548"}
[CPRIO]{"project": "zookeeper-server", "conf_chg":"olegfedoseev.zookeeper-1-zoo", "tcp":"cb_cyclo_bt", "run":"5", "scores":"0.9380606106915594,0.952054794520548"}
[CPRIO]{"project": "zookeeper-server", "conf_chg":"olegfedoseev.zookeeper-1-zoo", "tcp":"cb_cyclo_bt", "run":"6", "scores":"0.9380606106915594,0.952054794520548"}
[CPRIO]{"project": "zookeeper-server", "conf_chg":"olegfedoseev.zookeeper-1-zoo", "tcp":"cb_cyclo_bt", "run":"7", "scores":"0.9380606106915594,0.952054794520548"}
[CPRIO]{"project": "zookeeper-server", "conf_chg":"olegfedoseev.zookeeper-1-zoo", "tcp":"cb_cyclo_bt", "run":"8", "scores":"0.9380606106915594,0.952054794520548"}
[CPRIO]{"project": "zookeeper-server", "conf_chg":"olegfedoseev.zookeeper-1-zoo", "tcp":"cb_cyclo_bt", "run":"9", "scores":"0.9380606106915594,0.952054794520548"}
[CPRIO]{"project": "zookeeper-server", "conf_chg":"pedroarthur.zookeeper-4k8s-1-zoo", "tcp":"cb_cyclo_bt", "run":"0", "scores":"0.9386797954971193,0.952054794520548"}
[CPRIO]{"project": "zookeeper-server", "conf_chg":"pedroarthur.zookeeper-4k8s-1-zoo", "tcp":"cb_cyclo_bt", "run":"1", "scores":"0.9386797954971193,0.952054794520548"}
[CPRIO]{"project": "zookeeper-server", "conf_chg":"pedroarthur.zookeeper-4k8s-1-zoo", "tcp":"cb_cyclo_bt", "run":"2", "scores":"0.9386797954971193,0.952054794520548"}
[CPRIO]{"project": "zookeeper-server", "conf_chg":"pedroarthur.zookeeper-4k8s-1-zoo", "tcp":"cb_cyclo_bt", "run":"3", "scores":"0.9386797954971193,0.952054794520548"}
[CPRIO]{"project": "zookeeper-server", "conf_chg":"pedroarthur.zookeeper-4k8s-1-zoo", "tcp":"cb_cyclo_bt", "run":"4", "scores":"0.9386797954971193,0.952054794520548"}
[CPRIO]{"project": "zookeeper-server", "conf_chg":"pedroarthur.zookeeper-4k8s-1-zoo", "tcp":"cb_cyclo_bt", "run":"5", "scores":"0.9386797954971193,0.952054794520548"}
[CPRIO]{"project": "zookeeper-server", "conf_chg":"pedroarthur.zookeeper-4k8s-1-zoo", "tcp":"cb_cyclo_bt", "run":"6", "scores":"0.9386797954971193,0.952054794520548"}
[CPRIO]{"project": "zookeeper-server", "conf_chg":"pedroarthur.zookeeper-4k8s-1-zoo", "tcp":"cb_cyclo_bt", "run":"7", "scores":"0.9386797954971193,0.952054794520548"}
[CPRIO]{"project": "zookeeper-server", "conf_chg":"pedroarthur.zookeeper-4k8s-1-zoo", "tcp":"cb_cyclo_bt", "run":"8", "scores":"0.9386797954971193,0.952054794520548"}
[CPRIO]{"project": "zookeeper-server", "conf_chg":"pedroarthur.zookeeper-4k8s-1-zoo", "tcp":"cb_cyclo_bt", "run":"9", "scores":"0.9386797954971193,0.952054794520548"}
[CPRIO]{"project": "zookeeper-server", "conf_chg":"qiot.zookeeper-1-zoo", "tcp":"cb_cyclo_bt", "run":"0", "scores":"0.9405218153350102,0.9408602150537635"}
[CPRIO]{"project": "zookeeper-server", "conf_chg":"qiot.zookeeper-1-zoo", "tcp":"cb_cyclo_bt", "run":"1", "scores":"0.9405218153350102,0.9408602150537635"}
[CPRIO]{"project": "zookeeper-server", "conf_chg":"qiot.zookeeper-1-zoo", "tcp":"cb_cyclo_bt", "run":"2", "scores":"0.9405218153350102,0.9408602150537635"}
[CPRIO]{"project": "zookeeper-server", "conf_chg":"qiot.zookeeper-1-zoo", "tcp":"cb_cyclo_bt", "run":"3", "scores":"0.9405218153350102,0.9408602150537635"}
[CPRIO]{"project": "zookeeper-server", "conf_chg":"qiot.zookeeper-1-zoo", "tcp":"cb_cyclo_bt", "run":"4", "scores":"0.9405218153350102,0.9408602150537635"}
[CPRIO]{"project": "zookeeper-server", "conf_chg":"qiot.zookeeper-1-zoo", "tcp":"cb_cyclo_bt", "run":"5", "scores":"0.9405218153350102,0.9408602150537635"}
[CPRIO]{"project": "zookeeper-server", "conf_chg":"qiot.zookeeper-1-zoo", "tcp":"cb_cyclo_bt", "run":"6", "scores":"0.9405218153350102,0.9408602150537635"}
[CPRIO]{"project": "zookeeper-server", "conf_chg":"qiot.zookeeper-1-zoo", "tcp":"cb_cyclo_bt", "run":"7", "scores":"0.9405218153350102,0.9408602150537635"}
[CPRIO]{"project": "zookeeper-server", "conf_chg":"qiot.zookeeper-1-zoo", "tcp":"cb_cyclo_bt", "run":"8", "scores":"0.9405218153350102,0.9408602150537635"}
[CPRIO]{"project": "zookeeper-server", "conf_chg":"qiot.zookeeper-1-zoo", "tcp":"cb_cyclo_bt", "run":"9", "scores":"0.9405218153350102,0.9408602150537635"}
[CPRIO]{"project": "zookeeper-server", "conf_chg":"smizy.zookeeper-2-zoo", "tcp":"cb_cyclo_bt", "run":"0", "scores":"0.7815028623261048,0.7945205479452055"}
[CPRIO]{"project": "zookeeper-server", "conf_chg":"smizy.zookeeper-2-zoo", "tcp":"cb_cyclo_bt", "run":"1", "scores":"0.7815028623261048,0.7945205479452055"}
[CPRIO]{"project": "zookeeper-server", "conf_chg":"smizy.zookeeper-2-zoo", "tcp":"cb_cyclo_bt", "run":"2", "scores":"0.7815028623261048,0.7945205479452055"}
[CPRIO]{"project": "zookeeper-server", "conf_chg":"smizy.zookeeper-2-zoo", "tcp":"cb_cyclo_bt", "run":"3", "scores":"0.7815028623261048,0.7945205479452055"}
[CPRIO]{"project": "zookeeper-server", "conf_chg":"smizy.zookeeper-2-zoo", "tcp":"cb_cyclo_bt", "run":"4", "scores":"0.7815028623261048,0.7945205479452055"}
[CPRIO]{"project": "zookeeper-server", "conf_chg":"smizy.zookeeper-2-zoo", "tcp":"cb_cyclo_bt", "run":"5", "scores":"0.7815028623261048,0.7945205479452055"}
[CPRIO]{"project": "zookeeper-server", "conf_chg":"smizy.zookeeper-2-zoo", "tcp":"cb_cyclo_bt", "run":"6", "scores":"0.7815028623261048,0.7945205479452055"}
[CPRIO]{"project": "zookeeper-server", "conf_chg":"smizy.zookeeper-2-zoo", "tcp":"cb_cyclo_bt", "run":"7", "scores":"0.7815028623261048,0.7945205479452055"}
[CPRIO]{"project": "zookeeper-server", "conf_chg":"smizy.zookeeper-2-zoo", "tcp":"cb_cyclo_bt", "run":"8", "scores":"0.7815028623261048,0.7945205479452055"}
[CPRIO]{"project": "zookeeper-server", "conf_chg":"smizy.zookeeper-2-zoo", "tcp":"cb_cyclo_bt", "run":"9", "scores":"0.7815028623261048,0.7945205479452055"}
[CPRIO]{"project": "zookeeper-server", "conf_chg":"splicemachine.zookeeper-3-zoo", "tcp":"cb_cyclo_bt", "run":"0", "scores":"0.9667289207467129,0.9794520547945206"}
[CPRIO]{"project": "zookeeper-server", "conf_chg":"splicemachine.zookeeper-3-zoo", "tcp":"cb_cyclo_bt", "run":"1", "scores":"0.9667289207467129,0.9794520547945206"}
[CPRIO]{"project": "zookeeper-server", "conf_chg":"splicemachine.zookeeper-3-zoo", "tcp":"cb_cyclo_bt", "run":"2", "scores":"0.9667289207467129,0.9794520547945206"}
[CPRIO]{"project": "zookeeper-server", "conf_chg":"splicemachine.zookeeper-3-zoo", "tcp":"cb_cyclo_bt", "run":"3", "scores":"0.9667289207467129,0.9794520547945206"}
[CPRIO]{"project": "zookeeper-server", "conf_chg":"splicemachine.zookeeper-3-zoo", "tcp":"cb_cyclo_bt", "run":"4", "scores":"0.9667289207467129,0.9794520547945206"}
[CPRIO]{"project": "zookeeper-server", "conf_chg":"splicemachine.zookeeper-3-zoo", "tcp":"cb_cyclo_bt", "run":"5", "scores":"0.9667289207467129,0.9794520547945206"}
[CPRIO]{"project": "zookeeper-server", "conf_chg":"splicemachine.zookeeper-3-zoo", "tcp":"cb_cyclo_bt", "run":"6", "scores":"0.9667289207467129,0.9794520547945206"}
[CPRIO]{"project": "zookeeper-server", "conf_chg":"splicemachine.zookeeper-3-zoo", "tcp":"cb_cyclo_bt", "run":"7", "scores":"0.9667289207467129,0.9794520547945206"}
[CPRIO]{"project": "zookeeper-server", "conf_chg":"splicemachine.zookeeper-3-zoo", "tcp":"cb_cyclo_bt", "run":"8", "scores":"0.9667289207467129,0.9794520547945206"}
[CPRIO]{"project": "zookeeper-server", "conf_chg":"splicemachine.zookeeper-3-zoo", "tcp":"cb_cyclo_bt", "run":"9", "scores":"0.9667289207467129,0.9794520547945206"}
[CPRIO]{"project": "zookeeper-server", "conf_chg":"wurstmeister.zookeeper-2-zoo", "tcp":"cb_cyclo_bt", "run":"0", "scores":"0.9369031603090398,0.952054794520548"}
[CPRIO]{"project": "zookeeper-server", "conf_chg":"wurstmeister.zookeeper-2-zoo", "tcp":"cb_cyclo_bt", "run":"1", "scores":"0.9369031603090398,0.952054794520548"}
[CPRIO]{"project": "zookeeper-server", "conf_chg":"wurstmeister.zookeeper-2-zoo", "tcp":"cb_cyclo_bt", "run":"2", "scores":"0.9369031603090398,0.952054794520548"}
[CPRIO]{"project": "zookeeper-server", "conf_chg":"wurstmeister.zookeeper-2-zoo", "tcp":"cb_cyclo_bt", "run":"3", "scores":"0.9369031603090398,0.952054794520548"}
[CPRIO]{"project": "zookeeper-server", "conf_chg":"wurstmeister.zookeeper-2-zoo", "tcp":"cb_cyclo_bt", "run":"4", "scores":"0.9369031603090398,0.952054794520548"}
[CPRIO]{"project": "zookeeper-server", "conf_chg":"wurstmeister.zookeeper-2-zoo", "tcp":"cb_cyclo_bt", "run":"5", "scores":"0.9369031603090398,0.952054794520548"}
[CPRIO]{"project": "zookeeper-server", "conf_chg":"wurstmeister.zookeeper-2-zoo", "tcp":"cb_cyclo_bt", "run":"6", "scores":"0.9369031603090398,0.952054794520548"}
[CPRIO]{"project": "zookeeper-server", "conf_chg":"wurstmeister.zookeeper-2-zoo", "tcp":"cb_cyclo_bt", "run":"7", "scores":"0.9369031603090398,0.952054794520548"}
[CPRIO]{"project": "zookeeper-server", "conf_chg":"wurstmeister.zookeeper-2-zoo", "tcp":"cb_cyclo_bt", "run":"8", "scores":"0.9369031603090398,0.952054794520548"}
[CPRIO]{"project": "zookeeper-server", "conf_chg":"wurstmeister.zookeeper-2-zoo", "tcp":"cb_cyclo_bt", "run":"9", "scores":"0.9369031603090398,0.952054794520548"}
[CPRIO]{"project": "zookeeper-server", "conf_chg":"avvo.zookeeper-3-zoo", "tcp":"cb_cyclo_div", "run":"0", "scores":"0.9922514844965741,0.9657534246575343"}
[CPRIO]{"project": "zookeeper-server", "conf_chg":"avvo.zookeeper-3-zoo", "tcp":"cb_cyclo_div", "run":"1", "scores":"0.9922514844965741,0.9657534246575343"}
[CPRIO]{"project": "zookeeper-server", "conf_chg":"avvo.zookeeper-3-zoo", "tcp":"cb_cyclo_div", "run":"2", "scores":"0.9922514844965741,0.9657534246575343"}
[CPRIO]{"project": "zookeeper-server", "conf_chg":"avvo.zookeeper-3-zoo", "tcp":"cb_cyclo_div", "run":"3", "scores":"0.9922514844965741,0.9657534246575343"}
[CPRIO]{"project": "zookeeper-server", "conf_chg":"avvo.zookeeper-3-zoo", "tcp":"cb_cyclo_div", "run":"4", "scores":"0.9922514844965741,0.9657534246575343"}
[CPRIO]{"project": "zookeeper-server", "conf_chg":"avvo.zookeeper-3-zoo", "tcp":"cb_cyclo_div", "run":"5", "scores":"0.9922514844965741,0.9657534246575343"}
[CPRIO]{"project": "zookeeper-server", "conf_chg":"avvo.zookeeper-3-zoo", "tcp":"cb_cyclo_div", "run":"6", "scores":"0.9922514844965741,0.9657534246575343"}
[CPRIO]{"project": "zookeeper-server", "conf_chg":"avvo.zookeeper-3-zoo", "tcp":"cb_cyclo_div", "run":"7", "scores":"0.9922514844965741,0.9657534246575343"}
[CPRIO]{"project": "zookeeper-server", "conf_chg":"avvo.zookeeper-3-zoo", "tcp":"cb_cyclo_div", "run":"8", "scores":"0.9922514844965741,0.9657534246575343"}
[CPRIO]{"project": "zookeeper-server", "conf_chg":"avvo.zookeeper-3-zoo", "tcp":"cb_cyclo_div", "run":"9", "scores":"0.9922514844965741,0.9657534246575343"}
[CPRIO]{"project": "zookeeper-server", "conf_chg":"cdposs.zookeeper-3-zoo", "tcp":"cb_cyclo_div", "run":"0", "scores":"0.9924752113651704,0.9657534246575343"}
[CPRIO]{"project": "zookeeper-server", "conf_chg":"cdposs.zookeeper-3-zoo", "tcp":"cb_cyclo_div", "run":"1", "scores":"0.9924752113651704,0.9657534246575343"}
[CPRIO]{"project": "zookeeper-server", "conf_chg":"cdposs.zookeeper-3-zoo", "tcp":"cb_cyclo_div", "run":"2", "scores":"0.9924752113651704,0.9657534246575343"}
[CPRIO]{"project": "zookeeper-server", "conf_chg":"cdposs.zookeeper-3-zoo", "tcp":"cb_cyclo_div", "run":"3", "scores":"0.9924752113651704,0.9657534246575343"}
[CPRIO]{"project": "zookeeper-server", "conf_chg":"cdposs.zookeeper-3-zoo", "tcp":"cb_cyclo_div", "run":"4", "scores":"0.9924752113651704,0.9657534246575343"}
[CPRIO]{"project": "zookeeper-server", "conf_chg":"cdposs.zookeeper-3-zoo", "tcp":"cb_cyclo_div", "run":"5", "scores":"0.9924752113651704,0.9657534246575343"}
[CPRIO]{"project": "zookeeper-server", "conf_chg":"cdposs.zookeeper-3-zoo", "tcp":"cb_cyclo_div", "run":"6", "scores":"0.9924752113651704,0.9657534246575343"}
[CPRIO]{"project": "zookeeper-server", "conf_chg":"cdposs.zookeeper-3-zoo", "tcp":"cb_cyclo_div", "run":"7", "scores":"0.9924752113651704,0.9657534246575343"}
[CPRIO]{"project": "zookeeper-server", "conf_chg":"cdposs.zookeeper-3-zoo", "tcp":"cb_cyclo_div", "run":"8", "scores":"0.9924752113651704,0.9657534246575343"}
[CPRIO]{"project": "zookeeper-server", "conf_chg":"cdposs.zookeeper-3-zoo", "tcp":"cb_cyclo_div", "run":"9", "scores":"0.9924752113651704,0.9657534246575343"}
[CPRIO]{"project": "zookeeper-server", "conf_chg":"datasense.zookeeper-3-zoo", "tcp":"cb_cyclo_div", "run":"0", "scores":"0.9922769838404849,0.9657534246575343"}
[CPRIO]{"project": "zookeeper-server", "conf_chg":"datasense.zookeeper-3-zoo", "tcp":"cb_cyclo_div", "run":"1", "scores":"0.9922769838404849,0.9657534246575343"}
[CPRIO]{"project": "zookeeper-server", "conf_chg":"datasense.zookeeper-3-zoo", "tcp":"cb_cyclo_div", "run":"2", "scores":"0.9922769838404849,0.9657534246575343"}
[CPRIO]{"project": "zookeeper-server", "conf_chg":"datasense.zookeeper-3-zoo", "tcp":"cb_cyclo_div", "run":"3", "scores":"0.9922769838404849,0.9657534246575343"}
[CPRIO]{"project": "zookeeper-server", "conf_chg":"datasense.zookeeper-3-zoo", "tcp":"cb_cyclo_div", "run":"4", "scores":"0.9922769838404849,0.9657534246575343"}
[CPRIO]{"project": "zookeeper-server", "conf_chg":"datasense.zookeeper-3-zoo", "tcp":"cb_cyclo_div", "run":"5", "scores":"0.9922769838404849,0.9657534246575343"}
[CPRIO]{"project": "zookeeper-server", "conf_chg":"datasense.zookeeper-3-zoo", "tcp":"cb_cyclo_div", "run":"6", "scores":"0.9922769838404849,0.9657534246575343"}
[CPRIO]{"project": "zookeeper-server", "conf_chg":"datasense.zookeeper-3-zoo", "tcp":"cb_cyclo_div", "run":"7", "scores":"0.9922769838404849,0.9657534246575343"}
[CPRIO]{"project": "zookeeper-server", "conf_chg":"datasense.zookeeper-3-zoo", "tcp":"cb_cyclo_div", "run":"8", "scores":"0.9922769838404849,0.9657534246575343"}
[CPRIO]{"project": "zookeeper-server", "conf_chg":"datasense.zookeeper-3-zoo", "tcp":"cb_cyclo_div", "run":"9", "scores":"0.9922769838404849,0.9657534246575343"}
[CPRIO]{"project": "zookeeper-server", "conf_chg":"debezium.zookeeper-1-zoo", "tcp":"cb_cyclo_div", "run":"0", "scores":"0.6784118906830414,0.6369863013698631"}
[CPRIO]{"project": "zookeeper-server", "conf_chg":"debezium.zookeeper-1-zoo", "tcp":"cb_cyclo_div", "run":"1", "scores":"0.6784118906830414,0.6369863013698631"}
[CPRIO]{"project": "zookeeper-server", "conf_chg":"debezium.zookeeper-1-zoo", "tcp":"cb_cyclo_div", "run":"2", "scores":"0.6784118906830414,0.6369863013698631"}
[CPRIO]{"project": "zookeeper-server", "conf_chg":"debezium.zookeeper-1-zoo", "tcp":"cb_cyclo_div", "run":"3", "scores":"0.6784118906830414,0.6369863013698631"}
[CPRIO]{"project": "zookeeper-server", "conf_chg":"debezium.zookeeper-1-zoo", "tcp":"cb_cyclo_div", "run":"4", "scores":"0.6784118906830414,0.6369863013698631"}
[CPRIO]{"project": "zookeeper-server", "conf_chg":"debezium.zookeeper-1-zoo", "tcp":"cb_cyclo_div", "run":"5", "scores":"0.6784118906830414,0.6369863013698631"}
[CPRIO]{"project": "zookeeper-server", "conf_chg":"debezium.zookeeper-1-zoo", "tcp":"cb_cyclo_div", "run":"6", "scores":"0.6784118906830414,0.6369863013698631"}
[CPRIO]{"project": "zookeeper-server", "conf_chg":"debezium.zookeeper-1-zoo", "tcp":"cb_cyclo_div", "run":"7", "scores":"0.6784118906830414,0.6369863013698631"}
[CPRIO]{"project": "zookeeper-server", "conf_chg":"debezium.zookeeper-1-zoo", "tcp":"cb_cyclo_div", "run":"8", "scores":"0.6784118906830414,0.6369863013698631"}
[CPRIO]{"project": "zookeeper-server", "conf_chg":"debezium.zookeeper-1-zoo", "tcp":"cb_cyclo_div", "run":"9", "scores":"0.6784118906830414,0.6369863013698631"}
[CPRIO]{"project": "zookeeper-server", "conf_chg":"elevy.zookeeper-1-zoo", "tcp":"cb_cyclo_div", "run":"0", "scores":"0.6882256923014598,0.6369863013698631"}
[CPRIO]{"project": "zookeeper-server", "conf_chg":"elevy.zookeeper-1-zoo", "tcp":"cb_cyclo_div", "run":"1", "scores":"0.6882256923014598,0.6369863013698631"}
[CPRIO]{"project": "zookeeper-server", "conf_chg":"elevy.zookeeper-1-zoo", "tcp":"cb_cyclo_div", "run":"2", "scores":"0.6882256923014598,0.6369863013698631"}
[CPRIO]{"project": "zookeeper-server", "conf_chg":"elevy.zookeeper-1-zoo", "tcp":"cb_cyclo_div", "run":"3", "scores":"0.6882256923014598,0.6369863013698631"}
[CPRIO]{"project": "zookeeper-server", "conf_chg":"elevy.zookeeper-1-zoo", "tcp":"cb_cyclo_div", "run":"4", "scores":"0.6882256923014598,0.6369863013698631"}
[CPRIO]{"project": "zookeeper-server", "conf_chg":"elevy.zookeeper-1-zoo", "tcp":"cb_cyclo_div", "run":"5", "scores":"0.6882256923014598,0.6369863013698631"}
[CPRIO]{"project": "zookeeper-server", "conf_chg":"elevy.zookeeper-1-zoo", "tcp":"cb_cyclo_div", "run":"6", "scores":"0.6882256923014598,0.6369863013698631"}
[CPRIO]{"project": "zookeeper-server", "conf_chg":"elevy.zookeeper-1-zoo", "tcp":"cb_cyclo_div", "run":"7", "scores":"0.6882256923014598,0.6369863013698631"}
[CPRIO]{"project": "zookeeper-server", "conf_chg":"elevy.zookeeper-1-zoo", "tcp":"cb_cyclo_div", "run":"8", "scores":"0.6882256923014598,0.6369863013698631"}
[CPRIO]{"project": "zookeeper-server", "conf_chg":"elevy.zookeeper-1-zoo", "tcp":"cb_cyclo_div", "run":"9", "scores":"0.6882256923014598,0.6369863013698631"}
[CPRIO]{"project": "zookeeper-server", "conf_chg":"fabric8.zookeeper-3-zoo", "tcp":"cb_cyclo_div", "run":"0", "scores":"0.6925385907558239,0.6388888888888888"}
[CPRIO]{"project": "zookeeper-server", "conf_chg":"fabric8.zookeeper-3-zoo", "tcp":"cb_cyclo_div", "run":"1", "scores":"0.6925385907558239,0.6388888888888888"}
[CPRIO]{"project": "zookeeper-server", "conf_chg":"fabric8.zookeeper-3-zoo", "tcp":"cb_cyclo_div", "run":"2", "scores":"0.6925385907558239,0.6388888888888888"}
[CPRIO]{"project": "zookeeper-server", "conf_chg":"fabric8.zookeeper-3-zoo", "tcp":"cb_cyclo_div", "run":"3", "scores":"0.6925385907558239,0.6388888888888888"}
[CPRIO]{"project": "zookeeper-server", "conf_chg":"fabric8.zookeeper-3-zoo", "tcp":"cb_cyclo_div", "run":"4", "scores":"0.6925385907558239,0.6388888888888888"}
[CPRIO]{"project": "zookeeper-server", "conf_chg":"fabric8.zookeeper-3-zoo", "tcp":"cb_cyclo_div", "run":"5", "scores":"0.6925385907558239,0.6388888888888888"}
[CPRIO]{"project": "zookeeper-server", "conf_chg":"fabric8.zookeeper-3-zoo", "tcp":"cb_cyclo_div", "run":"6", "scores":"0.6925385907558239,0.6388888888888888"}
[CPRIO]{"project": "zookeeper-server", "conf_chg":"fabric8.zookeeper-3-zoo", "tcp":"cb_cyclo_div", "run":"7", "scores":"0.6925385907558239,0.6388888888888888"}
[CPRIO]{"project": "zookeeper-server", "conf_chg":"fabric8.zookeeper-3-zoo", "tcp":"cb_cyclo_div", "run":"8", "scores":"0.6925385907558239,0.6388888888888888"}
[CPRIO]{"project": "zookeeper-server", "conf_chg":"fabric8.zookeeper-3-zoo", "tcp":"cb_cyclo_div", "run":"9", "scores":"0.6925385907558239,0.6388888888888888"}
[CPRIO]{"project": "zookeeper-server", "conf_chg":"llparse.zookeeper-1-zoo", "tcp":"cb_cyclo_div", "run":"0", "scores":"0.993351836470267,0.9794520547945206"}
[CPRIO]{"project": "zookeeper-server", "conf_chg":"llparse.zookeeper-1-zoo", "tcp":"cb_cyclo_div", "run":"1", "scores":"0.993351836470267,0.9794520547945206"}
[CPRIO]{"project": "zookeeper-server", "conf_chg":"llparse.zookeeper-1-zoo", "tcp":"cb_cyclo_div", "run":"2", "scores":"0.993351836470267,0.9794520547945206"}
[CPRIO]{"project": "zookeeper-server", "conf_chg":"llparse.zookeeper-1-zoo", "tcp":"cb_cyclo_div", "run":"3", "scores":"0.993351836470267,0.9794520547945206"}
[CPRIO]{"project": "zookeeper-server", "conf_chg":"llparse.zookeeper-1-zoo", "tcp":"cb_cyclo_div", "run":"4", "scores":"0.993351836470267,0.9794520547945206"}
[CPRIO]{"project": "zookeeper-server", "conf_chg":"llparse.zookeeper-1-zoo", "tcp":"cb_cyclo_div", "run":"5", "scores":"0.993351836470267,0.9794520547945206"}
[CPRIO]{"project": "zookeeper-server", "conf_chg":"llparse.zookeeper-1-zoo", "tcp":"cb_cyclo_div", "run":"6", "scores":"0.993351836470267,0.9794520547945206"}
[CPRIO]{"project": "zookeeper-server", "conf_chg":"llparse.zookeeper-1-zoo", "tcp":"cb_cyclo_div", "run":"7", "scores":"0.993351836470267,0.9794520547945206"}
[CPRIO]{"project": "zookeeper-server", "conf_chg":"llparse.zookeeper-1-zoo", "tcp":"cb_cyclo_div", "run":"8", "scores":"0.993351836470267,0.9794520547945206"}
[CPRIO]{"project": "zookeeper-server", "conf_chg":"llparse.zookeeper-1-zoo", "tcp":"cb_cyclo_div", "run":"9", "scores":"0.993351836470267,0.9794520547945206"}
[CPRIO]{"project": "zookeeper-server", "conf_chg":"mondough.zookeeper-3-zoo", "tcp":"cb_cyclo_div", "run":"0", "scores":"0.9916857156846465,0.9657534246575343"}
[CPRIO]{"project": "zookeeper-server", "conf_chg":"mondough.zookeeper-3-zoo", "tcp":"cb_cyclo_div", "run":"1", "scores":"0.9916857156846465,0.9657534246575343"}
[CPRIO]{"project": "zookeeper-server", "conf_chg":"mondough.zookeeper-3-zoo", "tcp":"cb_cyclo_div", "run":"2", "scores":"0.9916857156846465,0.9657534246575343"}
[CPRIO]{"project": "zookeeper-server", "conf_chg":"mondough.zookeeper-3-zoo", "tcp":"cb_cyclo_div", "run":"3", "scores":"0.9916857156846465,0.9657534246575343"}
[CPRIO]{"project": "zookeeper-server", "conf_chg":"mondough.zookeeper-3-zoo", "tcp":"cb_cyclo_div", "run":"4", "scores":"0.9916857156846465,0.9657534246575343"}
[CPRIO]{"project": "zookeeper-server", "conf_chg":"mondough.zookeeper-3-zoo", "tcp":"cb_cyclo_div", "run":"5", "scores":"0.9916857156846465,0.9657534246575343"}
[CPRIO]{"project": "zookeeper-server", "conf_chg":"mondough.zookeeper-3-zoo", "tcp":"cb_cyclo_div", "run":"6", "scores":"0.9916857156846465,0.9657534246575343"}
[CPRIO]{"project": "zookeeper-server", "conf_chg":"mondough.zookeeper-3-zoo", "tcp":"cb_cyclo_div", "run":"7", "scores":"0.9916857156846465,0.9657534246575343"}
[CPRIO]{"project": "zookeeper-server", "conf_chg":"mondough.zookeeper-3-zoo", "tcp":"cb_cyclo_div", "run":"8", "scores":"0.9916857156846465,0.9657534246575343"}
[CPRIO]{"project": "zookeeper-server", "conf_chg":"mondough.zookeeper-3-zoo", "tcp":"cb_cyclo_div", "run":"9", "scores":"0.9916857156846465,0.9657534246575343"}
[CPRIO]{"project": "zookeeper-server", "conf_chg":"olegfedoseev.zookeeper-1-zoo", "tcp":"cb_cyclo_div", "run":"0", "scores":"0.9922407730502176,0.9657534246575343"}
[CPRIO]{"project": "zookeeper-server", "conf_chg":"olegfedoseev.zookeeper-1-zoo", "tcp":"cb_cyclo_div", "run":"1", "scores":"0.9922407730502176,0.9657534246575343"}
[CPRIO]{"project": "zookeeper-server", "conf_chg":"olegfedoseev.zookeeper-1-zoo", "tcp":"cb_cyclo_div", "run":"2", "scores":"0.9922407730502176,0.9657534246575343"}
[CPRIO]{"project": "zookeeper-server", "conf_chg":"olegfedoseev.zookeeper-1-zoo", "tcp":"cb_cyclo_div", "run":"3", "scores":"0.9922407730502176,0.9657534246575343"}
[CPRIO]{"project": "zookeeper-server", "conf_chg":"olegfedoseev.zookeeper-1-zoo", "tcp":"cb_cyclo_div", "run":"4", "scores":"0.9922407730502176,0.9657534246575343"}
[CPRIO]{"project": "zookeeper-server", "conf_chg":"olegfedoseev.zookeeper-1-zoo", "tcp":"cb_cyclo_div", "run":"5", "scores":"0.9922407730502176,0.9657534246575343"}
[CPRIO]{"project": "zookeeper-server", "conf_chg":"olegfedoseev.zookeeper-1-zoo", "tcp":"cb_cyclo_div", "run":"6", "scores":"0.9922407730502176,0.9657534246575343"}
[CPRIO]{"project": "zookeeper-server", "conf_chg":"olegfedoseev.zookeeper-1-zoo", "tcp":"cb_cyclo_div", "run":"7", "scores":"0.9922407730502176,0.9657534246575343"}
[CPRIO]{"project": "zookeeper-server", "conf_chg":"olegfedoseev.zookeeper-1-zoo", "tcp":"cb_cyclo_div", "run":"8", "scores":"0.9922407730502176,0.9657534246575343"}
[CPRIO]{"project": "zookeeper-server", "conf_chg":"olegfedoseev.zookeeper-1-zoo", "tcp":"cb_cyclo_div", "run":"9", "scores":"0.9922407730502176,0.9657534246575343"}
[CPRIO]{"project": "zookeeper-server", "conf_chg":"pedroarthur.zookeeper-4k8s-1-zoo", "tcp":"cb_cyclo_div", "run":"0", "scores":"0.9924729145256705,0.9657534246575343"}
[CPRIO]{"project": "zookeeper-server", "conf_chg":"pedroarthur.zookeeper-4k8s-1-zoo", "tcp":"cb_cyclo_div", "run":"1", "scores":"0.9924729145256705,0.9657534246575343"}
[CPRIO]{"project": "zookeeper-server", "conf_chg":"pedroarthur.zookeeper-4k8s-1-zoo", "tcp":"cb_cyclo_div", "run":"2", "scores":"0.9924729145256705,0.9657534246575343"}
[CPRIO]{"project": "zookeeper-server", "conf_chg":"pedroarthur.zookeeper-4k8s-1-zoo", "tcp":"cb_cyclo_div", "run":"3", "scores":"0.9924729145256705,0.9657534246575343"}
[CPRIO]{"project": "zookeeper-server", "conf_chg":"pedroarthur.zookeeper-4k8s-1-zoo", "tcp":"cb_cyclo_div", "run":"4", "scores":"0.9924729145256705,0.9657534246575343"}
[CPRIO]{"project": "zookeeper-server", "conf_chg":"pedroarthur.zookeeper-4k8s-1-zoo", "tcp":"cb_cyclo_div", "run":"5", "scores":"0.9924729145256705,0.9657534246575343"}
[CPRIO]{"project": "zookeeper-server", "conf_chg":"pedroarthur.zookeeper-4k8s-1-zoo", "tcp":"cb_cyclo_div", "run":"6", "scores":"0.9924729145256705,0.9657534246575343"}
[CPRIO]{"project": "zookeeper-server", "conf_chg":"pedroarthur.zookeeper-4k8s-1-zoo", "tcp":"cb_cyclo_div", "run":"7", "scores":"0.9924729145256705,0.9657534246575343"}
[CPRIO]{"project": "zookeeper-server", "conf_chg":"pedroarthur.zookeeper-4k8s-1-zoo", "tcp":"cb_cyclo_div", "run":"8", "scores":"0.9924729145256705,0.9657534246575343"}
[CPRIO]{"project": "zookeeper-server", "conf_chg":"pedroarthur.zookeeper-4k8s-1-zoo", "tcp":"cb_cyclo_div", "run":"9", "scores":"0.9924729145256705,0.9657534246575343"}
[CPRIO]{"project": "zookeeper-server", "conf_chg":"qiot.zookeeper-1-zoo", "tcp":"cb_cyclo_div", "run":"0", "scores":"0.9932175945405793,0.9731182795698925"}
[CPRIO]{"project": "zookeeper-server", "conf_chg":"qiot.zookeeper-1-zoo", "tcp":"cb_cyclo_div", "run":"1", "scores":"0.9932175945405793,0.9731182795698925"}
[CPRIO]{"project": "zookeeper-server", "conf_chg":"qiot.zookeeper-1-zoo", "tcp":"cb_cyclo_div", "run":"2", "scores":"0.9932175945405793,0.9731182795698925"}
[CPRIO]{"project": "zookeeper-server", "conf_chg":"qiot.zookeeper-1-zoo", "tcp":"cb_cyclo_div", "run":"3", "scores":"0.9932175945405793,0.9731182795698925"}
[CPRIO]{"project": "zookeeper-server", "conf_chg":"qiot.zookeeper-1-zoo", "tcp":"cb_cyclo_div", "run":"4", "scores":"0.9932175945405793,0.9731182795698925"}
[CPRIO]{"project": "zookeeper-server", "conf_chg":"qiot.zookeeper-1-zoo", "tcp":"cb_cyclo_div", "run":"5", "scores":"0.9932175945405793,0.9731182795698925"}
[CPRIO]{"project": "zookeeper-server", "conf_chg":"qiot.zookeeper-1-zoo", "tcp":"cb_cyclo_div", "run":"6", "scores":"0.9932175945405793,0.9731182795698925"}
[CPRIO]{"project": "zookeeper-server", "conf_chg":"qiot.zookeeper-1-zoo", "tcp":"cb_cyclo_div", "run":"7", "scores":"0.9932175945405793,0.9731182795698925"}
[CPRIO]{"project": "zookeeper-server", "conf_chg":"qiot.zookeeper-1-zoo", "tcp":"cb_cyclo_div", "run":"8", "scores":"0.9932175945405793,0.9731182795698925"}
[CPRIO]{"project": "zookeeper-server", "conf_chg":"qiot.zookeeper-1-zoo", "tcp":"cb_cyclo_div", "run":"9", "scores":"0.9932175945405793,0.9731182795698925"}
[CPRIO]{"project": "zookeeper-server", "conf_chg":"smizy.zookeeper-2-zoo", "tcp":"cb_cyclo_div", "run":"0", "scores":"0.6901339774945839,0.6369863013698631"}
[CPRIO]{"project": "zookeeper-server", "conf_chg":"smizy.zookeeper-2-zoo", "tcp":"cb_cyclo_div", "run":"1", "scores":"0.6901339774945839,0.6369863013698631"}
[CPRIO]{"project": "zookeeper-server", "conf_chg":"smizy.zookeeper-2-zoo", "tcp":"cb_cyclo_div", "run":"2", "scores":"0.6901339774945839,0.6369863013698631"}
[CPRIO]{"project": "zookeeper-server", "conf_chg":"smizy.zookeeper-2-zoo", "tcp":"cb_cyclo_div", "run":"3", "scores":"0.6901339774945839,0.6369863013698631"}
[CPRIO]{"project": "zookeeper-server", "conf_chg":"smizy.zookeeper-2-zoo", "tcp":"cb_cyclo_div", "run":"4", "scores":"0.6901339774945839,0.6369863013698631"}
[CPRIO]{"project": "zookeeper-server", "conf_chg":"smizy.zookeeper-2-zoo", "tcp":"cb_cyclo_div", "run":"5", "scores":"0.6901339774945839,0.6369863013698631"}
[CPRIO]{"project": "zookeeper-server", "conf_chg":"smizy.zookeeper-2-zoo", "tcp":"cb_cyclo_div", "run":"6", "scores":"0.6901339774945839,0.6369863013698631"}
[CPRIO]{"project": "zookeeper-server", "conf_chg":"smizy.zookeeper-2-zoo", "tcp":"cb_cyclo_div", "run":"7", "scores":"0.6901339774945839,0.6369863013698631"}
[CPRIO]{"project": "zookeeper-server", "conf_chg":"smizy.zookeeper-2-zoo", "tcp":"cb_cyclo_div", "run":"8", "scores":"0.6901339774945839,0.6369863013698631"}
[CPRIO]{"project": "zookeeper-server", "conf_chg":"smizy.zookeeper-2-zoo", "tcp":"cb_cyclo_div", "run":"9", "scores":"0.6901339774945839,0.6369863013698631"}
[CPRIO]{"project": "zookeeper-server", "conf_chg":"splicemachine.zookeeper-3-zoo", "tcp":"cb_cyclo_div", "run":"0", "scores":"0.9409860962257315,0.9109589041095891"}
[CPRIO]{"project": "zookeeper-server", "conf_chg":"splicemachine.zookeeper-3-zoo", "tcp":"cb_cyclo_div", "run":"1", "scores":"0.9409860962257315,0.9109589041095891"}
[CPRIO]{"project": "zookeeper-server", "conf_chg":"splicemachine.zookeeper-3-zoo", "tcp":"cb_cyclo_div", "run":"2", "scores":"0.9409860962257315,0.9109589041095891"}
[CPRIO]{"project": "zookeeper-server", "conf_chg":"splicemachine.zookeeper-3-zoo", "tcp":"cb_cyclo_div", "run":"3", "scores":"0.9409860962257315,0.9109589041095891"}
[CPRIO]{"project": "zookeeper-server", "conf_chg":"splicemachine.zookeeper-3-zoo", "tcp":"cb_cyclo_div", "run":"4", "scores":"0.9409860962257315,0.9109589041095891"}
[CPRIO]{"project": "zookeeper-server", "conf_chg":"splicemachine.zookeeper-3-zoo", "tcp":"cb_cyclo_div", "run":"5", "scores":"0.9409860962257315,0.9109589041095891"}
[CPRIO]{"project": "zookeeper-server", "conf_chg":"splicemachine.zookeeper-3-zoo", "tcp":"cb_cyclo_div", "run":"6", "scores":"0.9409860962257315,0.9109589041095891"}
[CPRIO]{"project": "zookeeper-server", "conf_chg":"splicemachine.zookeeper-3-zoo", "tcp":"cb_cyclo_div", "run":"7", "scores":"0.9409860962257315,0.9109589041095891"}
[CPRIO]{"project": "zookeeper-server", "conf_chg":"splicemachine.zookeeper-3-zoo", "tcp":"cb_cyclo_div", "run":"8", "scores":"0.9409860962257315,0.9109589041095891"}
[CPRIO]{"project": "zookeeper-server", "conf_chg":"splicemachine.zookeeper-3-zoo", "tcp":"cb_cyclo_div", "run":"9", "scores":"0.9409860962257315,0.9109589041095891"}
[CPRIO]{"project": "zookeeper-server", "conf_chg":"wurstmeister.zookeeper-2-zoo", "tcp":"cb_cyclo_div", "run":"0", "scores":"0.9923398012380126,0.9657534246575343"}
[CPRIO]{"project": "zookeeper-server", "conf_chg":"wurstmeister.zookeeper-2-zoo", "tcp":"cb_cyclo_div", "run":"1", "scores":"0.9923398012380126,0.9657534246575343"}
[CPRIO]{"project": "zookeeper-server", "conf_chg":"wurstmeister.zookeeper-2-zoo", "tcp":"cb_cyclo_div", "run":"2", "scores":"0.9923398012380126,0.9657534246575343"}
[CPRIO]{"project": "zookeeper-server", "conf_chg":"wurstmeister.zookeeper-2-zoo", "tcp":"cb_cyclo_div", "run":"3", "scores":"0.9923398012380126,0.9657534246575343"}
[CPRIO]{"project": "zookeeper-server", "conf_chg":"wurstmeister.zookeeper-2-zoo", "tcp":"cb_cyclo_div", "run":"4", "scores":"0.9923398012380126,0.9657534246575343"}
[CPRIO]{"project": "zookeeper-server", "conf_chg":"wurstmeister.zookeeper-2-zoo", "tcp":"cb_cyclo_div", "run":"5", "scores":"0.9923398012380126,0.9657534246575343"}
[CPRIO]{"project": "zookeeper-server", "conf_chg":"wurstmeister.zookeeper-2-zoo", "tcp":"cb_cyclo_div", "run":"6", "scores":"0.9923398012380126,0.9657534246575343"}
[CPRIO]{"project": "zookeeper-server", "conf_chg":"wurstmeister.zookeeper-2-zoo", "tcp":"cb_cyclo_div", "run":"7", "scores":"0.9923398012380126,0.9657534246575343"}
[CPRIO]{"project": "zookeeper-server", "conf_chg":"wurstmeister.zookeeper-2-zoo", "tcp":"cb_cyclo_div", "run":"8", "scores":"0.9923398012380126,0.9657534246575343"}
[CPRIO]{"project": "zookeeper-server", "conf_chg":"wurstmeister.zookeeper-2-zoo", "tcp":"cb_cyclo_div", "run":"9", "scores":"0.9923398012380126,0.9657534246575343"}
total-time: 8.44667911529541
